#
# There is insufficient memory for the Java Runtime Environment to continue.
# Native memory allocation (malloc) failed to allocate 63963136 bytes for committing reserved memory.
# Possible reasons:
#   The system is out of physical RAM or swap space
#   In 32 bit mode, the process size limit was hit
# Possible solutions:
#   Reduce memory load on the system
#   Increase physical memory or swap space
#   Check if swap backing store is full
#   Use 64 bit Java on a 64 bit OS
#   Decrease Java heap size (-Xmx/-Xms)
#   Decrease number of Java threads
#   Decrease Java thread stack sizes (-Xss)
#   Set larger code cache with -XX:ReservedCodeCacheSize=
# This output file may be truncated or incomplete.
#
#  Out of Memory Error (os_linux.cpp:2726), pid=50334, tid=140403344353024
#
# JRE version: Java(TM) SE Runtime Environment (7.0_51-b13) (build 1.7.0_51-b13)
# Java VM: Java HotSpot(TM) 64-Bit Server VM (24.51-b03 mixed mode linux-amd64 compressed oops)
# Failed to write core dump. Core dumps have been disabled. To enable core dumping, try "ulimit -c unlimited" before starting Java again
#

---------------  T H R E A D  ---------------

Current thread (0x000000000101a000):  VMThread [stack: 0x00007fb233672000,0x00007fb233773000] [id=50342]

Stack: [0x00007fb233672000,0x00007fb233773000],  sp=0x00007fb233771260,  free space=1020k
Native frames: (J=compiled Java code, j=interpreted, Vv=VM code, C=native code)
V  [libjvm.so+0x992f4a]  VMError::report_and_die()+0x2ea
V  [libjvm.so+0x4931ab]  report_vm_out_of_memory(char const*, int, unsigned long, char const*)+0x9b
V  [libjvm.so+0x81338e]  os::Linux::commit_memory_impl(char*, unsigned long, bool)+0xfe
V  [libjvm.so+0x81383f]  os::Linux::commit_memory_impl(char*, unsigned long, unsigned long, bool)+0x4f
V  [libjvm.so+0x813a2c]  os::pd_commit_memory(char*, unsigned long, unsigned long, bool)+0xc
V  [libjvm.so+0x80daea]  os::commit_memory(char*, unsigned long, unsigned long, bool)+0x2a
V  [libjvm.so+0x87fcd3]  PSVirtualSpace::expand_by(unsigned long)+0x53
V  [libjvm.so+0x8810a8]  PSYoungGen::resize_generation(unsigned long, unsigned long)+0xf8
V  [libjvm.so+0x880212]  PSYoungGen::resize(unsigned long, unsigned long)+0x22
V  [libjvm.so+0x87d6ab]  PSScavenge::invoke_no_policy()+0xf3b
V  [libjvm.so+0x87de11]  PSScavenge::invoke()+0x41
V  [libjvm.so+0x834f10]  ParallelScavengeHeap::failed_mem_allocate(unsigned long)+0x70
V  [libjvm.so+0x9947e7]  VM_ParallelGCFailedAllocation::doit()+0x97
V  [libjvm.so+0x99bc15]  VM_Operation::evaluate()+0x55
V  [libjvm.so+0x99a04a]  VMThread::evaluate_operation(VM_Operation*)+0xba
V  [libjvm.so+0x99a3ce]  VMThread::loop()+0x1ce
V  [libjvm.so+0x99a840]  VMThread::run()+0x70
V  [libjvm.so+0x815538]  java_start(Thread*)+0x108

VM_Operation (0x00007fb23f79b4f0): ParallelGCFailedAllocation, mode: safepoint, requested by thread 0x0000000000fba000


---------------  P R O C E S S  ---------------

Java Threads: ( => current thread )
  0x0000000001055000 JavaThread "Service Thread" daemon [_thread_blocked, id=50348, stack(0x00007fb232ef5000,0x00007fb232ff6000)]
  0x0000000001053000 JavaThread "C2 CompilerThread1" daemon [_thread_blocked, id=50347, stack(0x00007fb232ff6000,0x00007fb2330f7000)]
  0x0000000001047800 JavaThread "C2 CompilerThread0" daemon [_thread_blocked, id=50346, stack(0x00007fb2330f7000,0x00007fb2331f8000)]
  0x000000000103d000 JavaThread "Signal Dispatcher" daemon [_thread_blocked, id=50345, stack(0x00007fb2331f8000,0x00007fb2332f9000)]
  0x0000000001026000 JavaThread "Finalizer" daemon [_thread_blocked, id=50344, stack(0x00007fb233470000,0x00007fb233571000)]
  0x000000000101c800 JavaThread "Reference Handler" daemon [_thread_blocked, id=50343, stack(0x00007fb233571000,0x00007fb233672000)]
  0x0000000000fba000 JavaThread "main" [_thread_blocked, id=50337, stack(0x00007fb23f69d000,0x00007fb23f79e000)]

Other Threads:
=>0x000000000101a000 VMThread [stack: 0x00007fb233672000,0x00007fb233773000] [id=50342]
  0x00007fb22c009800 WatcherThread [stack: 0x00007fb232df4000,0x00007fb232ef5000] [id=50349]

VM state:at safepoint (normal execution)

VM Mutex/Monitor currently owned by a thread:  ([mutex/lock_event])
[0x0000000000fb6850] Threads_lock - owner thread: 0x000000000101a000
[0x0000000000fb6d50] Heap_lock - owner thread: 0x0000000000fba000

Heap
 PSYoungGen      total 70656K, used 1408K [0x00000007d6480000, 0x00000007dae80000, 0x0000000800000000)
  eden space 65536K, 0% used [0x00000007d6480000,0x00000007d6480000,0x00000007da480000)
  from space 5120K, 27% used [0x00000007da480000,0x00000007da5e0070,0x00000007da980000)
  to   space 5120K, 0% used [0x00000007da980000,0x00000007da980000,0x00000007dae80000)
 ParOldGen       total 84992K, used 16K [0x0000000782e00000, 0x0000000788100000, 0x00000007d6480000)
  object space 84992K, 0% used [0x0000000782e00000,0x0000000782e04000,0x0000000788100000)
 PSPermGen       total 21504K, used 6604K [0x000000077dc00000, 0x000000077f100000, 0x0000000782e00000)
  object space 21504K, 30% used [0x000000077dc00000,0x000000077e273088,0x000000077f100000)

Card table byte_map: [0x00007fb23964c000,0x00007fb239a5f000] byte_map_base: 0x00007fb235a5e000

Polling page: 0x00007fb23f7b8000

Code Cache  [0x00007fb239a5f000, 0x00007fb239ccf000, 0x00007fb23ca5f000)
 total_blobs=303 nmethods=61 adapters=196 free_code_cache=48621Kb largest_free_block=49756800

Compilation events (10 events):
Event: 0,993 Thread 0x0000000001047800 nmethod 56 0x00007fb239ae0090 code [0x00007fb239ae01e0, 0x00007fb239ae03f8]
Event: 0,995 Thread 0x0000000001053000 nmethod 57 0x00007fb239adfb10 code [0x00007fb239adfc60, 0x00007fb239adfef8]
Event: 0,997 Thread 0x0000000001047800   58 %           sun.nio.cs.UTF_8$Decoder::decodeArrayLoop @ 73 (543 bytes)
Event: 0,999 Thread 0x0000000001053000   59             org.apache.tools.ant.property.ParseProperties::parseProperties (170 bytes)
Event: 1,014 Thread 0x0000000001047800 nmethod 58% 0x00007fb239ae12d0 code [0x00007fb239ae1520, 0x00007fb239ae2138]
Event: 1,018 Thread 0x0000000001047800   60             java.lang.String::substring (56 bytes)
Event: 1,026 Thread 0x0000000001047800 nmethod 60 0x00007fb239ae3310 code [0x00007fb239ae3480, 0x00007fb239ae37d8]
Event: 1,027 Thread 0x0000000001047800   61             org.apache.tools.ant.filters.ExpandProperties::read (124 bytes)
Event: 1,027 Thread 0x0000000001053000 nmethod 59 0x00007fb239ae9450 code [0x00007fb239ae96a0, 0x00007fb239aeaa20]
Event: 1,031 Thread 0x0000000001047800 nmethod 61 0x00007fb239ae6c90 code [0x00007fb239ae6e20, 0x00007fb239ae7368]

GC Heap History (9 events):
Event: 0,980 GC heap before
{Heap before GC invocations=1 (full 0):
 PSYoungGen      total 37888K, used 32768K [0x00000007d6480000, 0x00000007d8e80000, 0x0000000800000000)
  eden space 32768K, 100% used [0x00000007d6480000,0x00000007d8480000,0x00000007d8480000)
  from space 5120K, 0% used [0x00000007d8980000,0x00000007d8980000,0x00000007d8e80000)
  to   space 5120K, 0% used [0x00000007d8480000,0x00000007d8480000,0x00000007d8980000)
 ParOldGen       total 84992K, used 0K [0x0000000782e00000, 0x0000000788100000, 0x00000007d6480000)
  object space 84992K, 0% used [0x0000000782e00000,0x0000000782e00000,0x0000000788100000)
 PSPermGen       total 21504K, used 6602K [0x000000077dc00000, 0x000000077f100000, 0x0000000782e00000)
  object space 21504K, 30% used [0x000000077dc00000,0x000000077e272a78,0x000000077f100000)
Event: 0,991 GC heap after
Heap after GC invocations=1 (full 0):
 PSYoungGen      total 37888K, used 3559K [0x00000007d6480000, 0x00000007d8e80000, 0x0000000800000000)
  eden space 32768K, 0% used [0x00000007d6480000,0x00000007d6480000,0x00000007d8480000)
  from space 5120K, 69% used [0x00000007d8480000,0x00000007d87f9d20,0x00000007d8980000)
  to   space 5120K, 0% used [0x00000007d8980000,0x00000007d8980000,0x00000007d8e80000)
 ParOldGen       total 84992K, used 8K [0x0000000782e00000, 0x0000000788100000, 0x00000007d6480000)
  object space 84992K, 0% used [0x0000000782e00000,0x0000000782e02000,0x0000000788100000)
 PSPermGen       total 21504K, used 6602K [0x000000077dc00000, 0x000000077f100000, 0x0000000782e00000)
  object space 21504K, 30% used [0x000000077dc00000,0x000000077e272a78,0x000000077f100000)
}
Event: 1,003 GC heap before
{Heap before GC invocations=2 (full 0):
 PSYoungGen      total 37888K, used 36310K [0x00000007d6480000, 0x00000007d8e80000, 0x0000000800000000)
  eden space 32768K, 99% used [0x00000007d6480000,0x00000007d847bba0,0x00000007d8480000)
  from space 5120K, 69% used [0x00000007d8480000,0x00000007d87f9d20,0x00000007d8980000)
  to   space 5120K, 0% used [0x00000007d8980000,0x00000007d8980000,0x00000007d8e80000)
 ParOldGen       total 84992K, used 8K [0x0000000782e00000, 0x0000000788100000, 0x00000007d6480000)
  object space 84992K, 0% used [0x0000000782e00000,0x0000000782e02000,0x0000000788100000)
 PSPermGen       total 21504K, used 6604K [0x000000077dc00000, 0x000000077f100000, 0x0000000782e00000)
  object space 21504K, 30% used [0x000000077dc00000,0x000000077e273088,0x000000077f100000)
Event: 1,007 GC heap after
Heap after GC invocations=2 (full 0):
 PSYoungGen      total 37888K, used 1456K [0x00000007d6480000, 0x00000007dae80000, 0x0000000800000000)
  eden space 32768K, 0% used [0x00000007d6480000,0x00000007d6480000,0x00000007d8480000)
  from space 5120K, 28% used [0x00000007d8980000,0x00000007d8aec060,0x00000007d8e80000)
  to   space 5120K, 0% used [0x00000007d8480000,0x00000007d8480000,0x00000007d8980000)
 ParOldGen       total 84992K, used 8K [0x0000000782e00000, 0x0000000788100000, 0x00000007d6480000)
  object space 84992K, 0% used [0x0000000782e00000,0x0000000782e02000,0x0000000788100000)
 PSPermGen       total 21504K, used 6604K [0x000000077dc00000, 0x000000077f100000, 0x0000000782e00000)
  object space 21504K, 30% used [0x000000077dc00000,0x000000077e273088,0x000000077f100000)
}
Event: 1,011 GC heap before
{Heap before GC invocations=3 (full 0):
 PSYoungGen      total 37888K, used 34224K [0x00000007d6480000, 0x00000007dae80000, 0x0000000800000000)
  eden space 32768K, 100% used [0x00000007d6480000,0x00000007d8480000,0x00000007d8480000)
  from space 5120K, 28% used [0x00000007d8980000,0x00000007d8aec060,0x00000007d8e80000)
  to   space 5120K, 0% used [0x00000007d8480000,0x00000007d8480000,0x00000007d8980000)
 ParOldGen       total 84992K, used 8K [0x0000000782e00000, 0x0000000788100000, 0x00000007d6480000)
  object space 84992K, 0% used [0x0000000782e00000,0x0000000782e02000,0x0000000788100000)
 PSPermGen       total 21504K, used 6604K [0x000000077dc00000, 0x000000077f100000, 0x0000000782e00000)
  object space 21504K, 30% used [0x000000077dc00000,0x000000077e273088,0x000000077f100000)
Event: 1,014 GC heap after
Heap after GC invocations=3 (full 0):
 PSYoungGen      total 37888K, used 1376K [0x00000007d6480000, 0x00000007dae80000, 0x0000000800000000)
  eden space 32768K, 0% used [0x00000007d6480000,0x00000007d6480000,0x00000007d8480000)
  from space 5120K, 26% used [0x00000007d8480000,0x00000007d85d8070,0x00000007d8980000)
  to   space 5120K, 0% used [0x00000007da980000,0x00000007da980000,0x00000007dae80000)
 ParOldGen       total 84992K, used 8K [0x0000000782e00000, 0x0000000788100000, 0x00000007d6480000)
  object space 84992K, 0% used [0x0000000782e00000,0x0000000782e02000,0x0000000788100000)
 PSPermGen       total 21504K, used 6604K [0x000000077dc00000, 0x000000077f100000, 0x0000000782e00000)
  object space 21504K, 30% used [0x000000077dc00000,0x000000077e273088,0x000000077f100000)
}
Event: 1,019 GC heap before
{Heap before GC invocations=4 (full 0):
 PSYoungGen      total 37888K, used 34128K [0x00000007d6480000, 0x00000007dae80000, 0x0000000800000000)
  eden space 32768K, 99% used [0x00000007d6480000,0x00000007d847c2a0,0x00000007d8480000)
  from space 5120K, 26% used [0x00000007d8480000,0x00000007d85d8070,0x00000007d8980000)
  to   space 5120K, 0% used [0x00000007da980000,0x00000007da980000,0x00000007dae80000)
 ParOldGen       total 84992K, used 8K [0x0000000782e00000, 0x0000000788100000, 0x00000007d6480000)
  object space 84992K, 0% used [0x0000000782e00000,0x0000000782e02000,0x0000000788100000)
 PSPermGen       total 21504K, used 6604K [0x000000077dc00000, 0x000000077f100000, 0x0000000782e00000)
  object space 21504K, 30% used [0x000000077dc00000,0x000000077e273088,0x000000077f100000)
Event: 1,021 GC heap after
Heap after GC invocations=4 (full 0):
 PSYoungGen      total 70656K, used 1376K [0x00000007d6480000, 0x00000007dae80000, 0x0000000800000000)
  eden space 65536K, 0% used [0x00000007d6480000,0x00000007d6480000,0x00000007da480000)
  from space 5120K, 26% used [0x00000007da980000,0x00000007daad8070,0x00000007dae80000)
  to   space 5120K, 0% used [0x00000007da480000,0x00000007da480000,0x00000007da980000)
 ParOldGen       total 84992K, used 8K [0x0000000782e00000, 0x0000000788100000, 0x00000007d6480000)
  object space 84992K, 0% used [0x0000000782e00000,0x0000000782e02000,0x0000000788100000)
 PSPermGen       total 21504K, used 6604K [0x000000077dc00000, 0x000000077f100000, 0x0000000782e00000)
  object space 21504K, 30% used [0x000000077dc00000,0x000000077e273088,0x000000077f100000)
}
Event: 1,050 GC heap before
{Heap before GC invocations=5 (full 0):
 PSYoungGen      total 70656K, used 66912K [0x00000007d6480000, 0x00000007dae80000, 0x0000000800000000)
  eden space 65536K, 100% used [0x00000007d6480000,0x00000007da480000,0x00000007da480000)
  from space 5120K, 26% used [0x00000007da980000,0x00000007daad8070,0x00000007dae80000)
  to   space 5120K, 0% used [0x00000007da480000,0x00000007da480000,0x00000007da980000)
 ParOldGen       total 84992K, used 8K [0x0000000782e00000, 0x0000000788100000, 0x00000007d6480000)
  object space 84992K, 0% used [0x0000000782e00000,0x0000000782e02000,0x0000000788100000)
 PSPermGen       total 21504K, used 6604K [0x000000077dc00000, 0x000000077f100000, 0x0000000782e00000)
  object space 21504K, 30% used [0x000000077dc00000,0x000000077e273088,0x000000077f100000)

Deoptimization events (10 events):
Event: 0,784 Thread 0x0000000000fba000 Uncommon trap: reason=class_check action=maybe_recompile pc=0x00007fb239ac814c method=java.util.Properties$LineReader.readLine()I @ 62
Event: 0,784 Thread 0x0000000000fba000 Uncommon trap: reason=class_check action=maybe_recompile pc=0x00007fb239ac814c method=java.util.Properties$LineReader.readLine()I @ 62
Event: 0,917 Thread 0x0000000000fba000 Uncommon trap: reason=class_check action=maybe_recompile pc=0x00007fb239acb818 method=java.util.Collections$UnmodifiableCollection$1.hasNext()Z @ 4
Event: 0,917 Thread 0x0000000000fba000 Uncommon trap: reason=class_check action=maybe_recompile pc=0x00007fb239ad4830 method=java.util.Collections$UnmodifiableCollection$1.next()Ljava/lang/Object; @ 4
Event: 0,917 Thread 0x0000000000fba000 Uncommon trap: reason=class_check action=maybe_recompile pc=0x00007fb239acb818 method=java.util.Collections$UnmodifiableCollection$1.hasNext()Z @ 4
Event: 0,917 Thread 0x0000000000fba000 Uncommon trap: reason=class_check action=maybe_recompile pc=0x00007fb239ad4830 method=java.util.Collections$UnmodifiableCollection$1.next()Ljava/lang/Object; @ 4
Event: 0,917 Thread 0x0000000000fba000 Uncommon trap: reason=class_check action=maybe_recompile pc=0x00007fb239acb818 method=java.util.Collections$UnmodifiableCollection$1.hasNext()Z @ 4
Event: 0,917 Thread 0x0000000000fba000 Uncommon trap: reason=class_check action=maybe_recompile pc=0x00007fb239ad4830 method=java.util.Collections$UnmodifiableCollection$1.next()Ljava/lang/Object; @ 4
Event: 0,917 Thread 0x0000000000fba000 Uncommon trap: reason=class_check action=maybe_recompile pc=0x00007fb239acb818 method=java.util.Collections$UnmodifiableCollection$1.hasNext()Z @ 4
Event: 0,917 Thread 0x0000000000fba000 Uncommon trap: reason=class_check action=maybe_recompile pc=0x00007fb239ad4830 method=java.util.Collections$UnmodifiableCollection$1.next()Ljava/lang/Object; @ 4

Internal exceptions (10 events):
Event: 0,917 Thread 0x0000000000fba000 Threw 0x00000007d72fe0d0 at /HUDSON/workspace/7u-2-build-linux-amd64@2/jdk7u51/527/hotspot/src/share/vm/prims/jvm.cpp:1244
Event: 0,917 Thread 0x0000000000fba000 Threw 0x00000007d72fee50 at /HUDSON/workspace/7u-2-build-linux-amd64@2/jdk7u51/527/hotspot/src/share/vm/prims/jvm.cpp:1244
Event: 0,918 Thread 0x0000000000fba000 Threw 0x00000007d73026c0 at /HUDSON/workspace/7u-2-build-linux-amd64@2/jdk7u51/527/hotspot/src/share/vm/prims/jvm.cpp:1244
Event: 0,918 Thread 0x0000000000fba000 Threw 0x00000007d73032b0 at /HUDSON/workspace/7u-2-build-linux-amd64@2/jdk7u51/527/hotspot/src/share/vm/prims/jvm.cpp:1244
Event: 0,918 Thread 0x0000000000fba000 Threw 0x00000007d73071f0 at /HUDSON/workspace/7u-2-build-linux-amd64@2/jdk7u51/527/hotspot/src/share/vm/prims/jvm.cpp:1244
Event: 0,918 Thread 0x0000000000fba000 Threw 0x00000007d7308078 at /HUDSON/workspace/7u-2-build-linux-amd64@2/jdk7u51/527/hotspot/src/share/vm/prims/jvm.cpp:1244
Event: 0,921 Thread 0x0000000000fba000 Threw 0x00000007d7336b10 at /HUDSON/workspace/7u-2-build-linux-amd64@2/jdk7u51/527/hotspot/src/share/vm/prims/jvm.cpp:1244
Event: 0,921 Thread 0x0000000000fba000 Threw 0x00000007d73378e8 at /HUDSON/workspace/7u-2-build-linux-amd64@2/jdk7u51/527/hotspot/src/share/vm/prims/jvm.cpp:1244
Event: 0,922 Thread 0x0000000000fba000 Threw 0x00000007d73408d8 at /HUDSON/workspace/7u-2-build-linux-amd64@2/jdk7u51/527/hotspot/src/share/vm/prims/jvm.cpp:1244
Event: 0,923 Thread 0x0000000000fba000 Threw 0x00000007d73416e8 at /HUDSON/workspace/7u-2-build-linux-amd64@2/jdk7u51/527/hotspot/src/share/vm/prims/jvm.cpp:1244

Events (10 events):
Event: 0,932 loading class 0x00007fb2349d2ae0 done
Event: 0,970 Executing VM operation: ParallelGCFailedAllocation
Event: 0,991 Executing VM operation: ParallelGCFailedAllocation done
Event: 1,002 Executing VM operation: ParallelGCFailedAllocation
Event: 1,007 Executing VM operation: ParallelGCFailedAllocation done
Event: 1,011 Executing VM operation: ParallelGCFailedAllocation
Event: 1,014 Executing VM operation: ParallelGCFailedAllocation done
Event: 1,018 Executing VM operation: ParallelGCFailedAllocation
Event: 1,021 Executing VM operation: ParallelGCFailedAllocation done
Event: 1,050 Executing VM operation: ParallelGCFailedAllocation


Dynamic libraries:
00400000-00401000 r-xp 00000000 08:01 1436854                            /usr/lib/jvm/java-7-oracle/jre/bin/java
00600000-00601000 rw-p 00000000 08:01 1436854                            /usr/lib/jvm/java-7-oracle/jre/bin/java
00faf000-012ff000 rw-p 00000000 00:00 0                                  [heap]
77dc00000-77f100000 rw-p 00000000 00:00 0 
77f100000-782e00000 rw-p 00000000 00:00 0 
782e00000-788100000 rw-p 00000000 00:00 0 
788100000-7d6480000 rw-p 00000000 00:00 0 
7d6480000-7dae80000 rw-p 00000000 00:00 0 
7deb80000-800000000 rw-p 00000000 00:00 0 
7fb22c000000-7fb22c320000 rw-p 00000000 00:00 0 
7fb22c320000-7fb230000000 ---p 00000000 00:00 0 
7fb23267f000-7fb2328f5000 rw-p 00000000 00:00 0 
7fb2328f5000-7fb23290b000 r-xp 00000000 08:01 1436763                    /usr/lib/jvm/java-7-oracle/jre/lib/amd64/libnet.so
7fb23290b000-7fb232b0b000 ---p 00016000 08:01 1436763                    /usr/lib/jvm/java-7-oracle/jre/lib/amd64/libnet.so
7fb232b0b000-7fb232b0c000 rw-p 00016000 08:01 1436763                    /usr/lib/jvm/java-7-oracle/jre/lib/amd64/libnet.so
7fb232b0c000-7fb232b1c000 r-xp 00000000 08:01 1436775                    /usr/lib/jvm/java-7-oracle/jre/lib/amd64/libnio.so
7fb232b1c000-7fb232d1c000 ---p 00010000 08:01 1436775                    /usr/lib/jvm/java-7-oracle/jre/lib/amd64/libnio.so
7fb232d1c000-7fb232d1d000 rw-p 00010000 08:01 1436775                    /usr/lib/jvm/java-7-oracle/jre/lib/amd64/libnio.so
7fb232d1d000-7fb232d87000 r--s 00e1b000 08:01 1308455                    /usr/lib/jvm/java-7-oracle/lib/tools.jar
7fb232d87000-7fb232d88000 r--s 00000000 08:01 144509                     /usr/share/java/ant-apache-bsf-1.8.2.jar
7fb232d88000-7fb232d8a000 r--s 00002000 08:01 144450                     /usr/share/java/ant-launcher-1.8.2.jar
7fb232d8a000-7fb232d8b000 r--s 00001000 08:01 144497                     /usr/share/java/ant-jmf-1.8.2.jar
7fb232d8b000-7fb232d8c000 r--s 00000000 08:01 144505                     /usr/share/java/ant-apache-resolver-1.8.2.jar
7fb232d8c000-7fb232d8d000 r--s 00001000 08:01 144501                     /usr/share/java/ant-javamail-1.8.2.jar
7fb232d8d000-7fb232d8e000 r--s 00000000 08:01 144498                     /usr/share/java/ant-apache-regexp-1.8.2.jar
7fb232d8e000-7fb232d8f000 r--s 00003000 08:01 144510                     /usr/share/java/ant-testutil-1.8.2.jar
7fb232d8f000-7fb232d90000 r--s 00001000 08:01 144500                     /usr/share/java/ant-junit4-1.8.2.jar
7fb232d90000-7fb232d92000 r--s 00001000 08:01 144511                     /usr/share/java/ant-apache-bcel-1.8.2.jar
7fb232d92000-7fb232d94000 r--s 00008000 08:01 144507                     /usr/share/java/ant-apache-oro-1.8.2.jar
7fb232d94000-7fb232d95000 r--s 00000000 08:01 144494                     /usr/share/java/ant-apache-log4j-1.8.2.jar
7fb232d95000-7fb232d96000 r--s 00009000 08:01 144506                     /usr/share/java/ant-jsch-1.8.2.jar
7fb232d96000-7fb232db3000 r--s 001bc000 08:01 144449                     /usr/share/java/ant-1.8.2.jar
7fb232db3000-7fb232db5000 r--s 00001000 08:01 144496                     /usr/share/java/ant-jdepend-1.8.2.jar
7fb232db5000-7fb232db6000 r--s 00001000 08:01 144508                     /usr/share/java/ant-antlr-1.8.2.jar
7fb232db6000-7fb232db7000 r--s 00000000 08:01 144499                     /usr/share/java/ant-apache-xalan2-1.8.2.jar
7fb232db7000-7fb232dba000 r--s 00018000 08:01 167905                     /usr/share/java/junit-3.8.2.jar
7fb232dba000-7fb232dbb000 r--s 00000000 08:01 144504                     /usr/share/java/ant-commons-logging-1.8.2.jar
7fb232dbb000-7fb232dbc000 r--s 00001000 08:01 144503                     /usr/share/java/ant-swing-1.8.2.jar
7fb232dbc000-7fb232dbe000 r--s 00013000 08:01 144495                     /usr/share/java/ant-commons-net-1.8.2.jar
7fb232dbe000-7fb232dc0000 r--s 00017000 08:01 144502                     /usr/share/java/ant-junit-1.8.2.jar
7fb232dc0000-7fb232dc9000 r--s 00031000 08:01 144415                     /usr/share/java/xml-apis-1.4.01.jar
7fb232dc9000-7fb232dcb000 r--s 00015000 08:01 144387                     /usr/share/java/xml-resolver-1.2.jar
7fb232dcb000-7fb232dd0000 r--s 00010000 08:01 144414                     /usr/share/java/xml-apis-ext-1.4.01.jar
7fb232dd0000-7fb232de9000 r--s 00132000 08:01 144429                     /usr/share/java/xercesImpl-2.11.0.jar
7fb232de9000-7fb232df2000 r--s 00031000 08:01 144415                     /usr/share/java/xml-apis-1.4.01.jar
7fb232df2000-7fb232df4000 r--s 00002000 08:01 144450                     /usr/share/java/ant-launcher-1.8.2.jar
7fb232df4000-7fb232df5000 ---p 00000000 00:00 0 
7fb232df5000-7fb232ef5000 rw-p 00000000 00:00 0 
7fb232ef5000-7fb232ef8000 ---p 00000000 00:00 0 
7fb232ef8000-7fb232ff6000 rw-p 00000000 00:00 0 
7fb232ff6000-7fb232ff9000 ---p 00000000 00:00 0 
7fb232ff9000-7fb2330f7000 rw-p 00000000 00:00 0 
7fb2330f7000-7fb2330fa000 ---p 00000000 00:00 0 
7fb2330fa000-7fb2331f8000 rw-p 00000000 00:00 0 
7fb2331f8000-7fb2331fb000 ---p 00000000 00:00 0 
7fb2331fb000-7fb2332f9000 rw-p 00000000 00:00 0 
7fb2332f9000-7fb233470000 r--p 00000000 08:01 658538                     /usr/lib/locale/locale-archive
7fb233470000-7fb233473000 ---p 00000000 00:00 0 
7fb233473000-7fb233571000 rw-p 00000000 00:00 0 
7fb233571000-7fb233574000 ---p 00000000 00:00 0 
7fb233574000-7fb233672000 rw-p 00000000 00:00 0 
7fb233672000-7fb233673000 ---p 00000000 00:00 0 
7fb233673000-7fb234772000 rw-p 00000000 00:00 0 
7fb234772000-7fb23492f000 r--s 039bf000 08:01 1309111                    /usr/lib/jvm/java-7-oracle/jre/lib/rt.jar
7fb23492f000-7fb238f83000 rw-p 00000000 00:00 0 
7fb238f83000-7fb238f84000 ---p 00000000 00:00 0 
7fb238f84000-7fb239084000 rw-p 00000000 00:00 0 
7fb239084000-7fb239085000 ---p 00000000 00:00 0 
7fb239085000-7fb239185000 rw-p 00000000 00:00 0 
7fb239185000-7fb239186000 ---p 00000000 00:00 0 
7fb239186000-7fb239286000 rw-p 00000000 00:00 0 
7fb239286000-7fb239287000 ---p 00000000 00:00 0 
7fb239287000-7fb239392000 rw-p 00000000 00:00 0 
7fb239392000-7fb2393b0000 rw-p 00000000 00:00 0 
7fb2393b0000-7fb2393da000 rw-p 00000000 00:00 0 
7fb2393da000-7fb23964c000 rw-p 00000000 00:00 0 
7fb23964c000-7fb239657000 rw-p 00000000 00:00 0 
7fb239657000-7fb239675000 rw-p 00000000 00:00 0 
7fb239675000-7fb23969f000 rw-p 00000000 00:00 0 
7fb23969f000-7fb239910000 rw-p 00000000 00:00 0 
7fb239910000-7fb239936000 rw-p 00000000 00:00 0 
7fb239936000-7fb239a5e000 rw-p 00000000 00:00 0 
7fb239a5e000-7fb239a5f000 rw-p 00000000 00:00 0 
7fb239a5f000-7fb239ccf000 rwxp 00000000 00:00 0 
7fb239ccf000-7fb23ca5f000 rw-p 00000000 00:00 0 
7fb23ca5f000-7fb23ca79000 r-xp 00000000 08:01 1436745                    /usr/lib/jvm/java-7-oracle/jre/lib/amd64/libzip.so
7fb23ca79000-7fb23cc79000 ---p 0001a000 08:01 1436745                    /usr/lib/jvm/java-7-oracle/jre/lib/amd64/libzip.so
7fb23cc79000-7fb23cc7a000 rw-p 0001a000 08:01 1436745                    /usr/lib/jvm/java-7-oracle/jre/lib/amd64/libzip.so
7fb23cc7a000-7fb23cc85000 r-xp 00000000 08:01 1044500                    /lib/x86_64-linux-gnu/libnss_files-2.13.so
7fb23cc85000-7fb23ce84000 ---p 0000b000 08:01 1044500                    /lib/x86_64-linux-gnu/libnss_files-2.13.so
7fb23ce84000-7fb23ce85000 r--p 0000a000 08:01 1044500                    /lib/x86_64-linux-gnu/libnss_files-2.13.so
7fb23ce85000-7fb23ce86000 rw-p 0000b000 08:01 1044500                    /lib/x86_64-linux-gnu/libnss_files-2.13.so
7fb23ce86000-7fb23ce90000 r-xp 00000000 08:01 1044496                    /lib/x86_64-linux-gnu/libnss_nis-2.13.so
7fb23ce90000-7fb23d08f000 ---p 0000a000 08:01 1044496                    /lib/x86_64-linux-gnu/libnss_nis-2.13.so
7fb23d08f000-7fb23d090000 r--p 00009000 08:01 1044496                    /lib/x86_64-linux-gnu/libnss_nis-2.13.so
7fb23d090000-7fb23d091000 rw-p 0000a000 08:01 1044496                    /lib/x86_64-linux-gnu/libnss_nis-2.13.so
7fb23d091000-7fb23d0a6000 r-xp 00000000 08:01 1044494                    /lib/x86_64-linux-gnu/libnsl-2.13.so
7fb23d0a6000-7fb23d2a5000 ---p 00015000 08:01 1044494                    /lib/x86_64-linux-gnu/libnsl-2.13.so
7fb23d2a5000-7fb23d2a6000 r--p 00014000 08:01 1044494                    /lib/x86_64-linux-gnu/libnsl-2.13.so
7fb23d2a6000-7fb23d2a7000 rw-p 00015000 08:01 1044494                    /lib/x86_64-linux-gnu/libnsl-2.13.so
7fb23d2a7000-7fb23d2a9000 rw-p 00000000 00:00 0 
7fb23d2a9000-7fb23d2b0000 r-xp 00000000 08:01 1044489                    /lib/x86_64-linux-gnu/libnss_compat-2.13.so
7fb23d2b0000-7fb23d4af000 ---p 00007000 08:01 1044489                    /lib/x86_64-linux-gnu/libnss_compat-2.13.so
7fb23d4af000-7fb23d4b0000 r--p 00006000 08:01 1044489                    /lib/x86_64-linux-gnu/libnss_compat-2.13.so
7fb23d4b0000-7fb23d4b1000 rw-p 00007000 08:01 1044489                    /lib/x86_64-linux-gnu/libnss_compat-2.13.so
7fb23d4b1000-7fb23d4da000 r-xp 00000000 08:01 1436777                    /usr/lib/jvm/java-7-oracle/jre/lib/amd64/libjava.so
7fb23d4da000-7fb23d6da000 ---p 00029000 08:01 1436777                    /usr/lib/jvm/java-7-oracle/jre/lib/amd64/libjava.so
7fb23d6da000-7fb23d6dc000 rw-p 00029000 08:01 1436777                    /usr/lib/jvm/java-7-oracle/jre/lib/amd64/libjava.so
7fb23d6dc000-7fb23d6e9000 r-xp 00000000 08:01 1436761                    /usr/lib/jvm/java-7-oracle/jre/lib/amd64/libverify.so
7fb23d6e9000-7fb23d8e8000 ---p 0000d000 08:01 1436761                    /usr/lib/jvm/java-7-oracle/jre/lib/amd64/libverify.so
7fb23d8e8000-7fb23d8ea000 rw-p 0000c000 08:01 1436761                    /usr/lib/jvm/java-7-oracle/jre/lib/amd64/libverify.so
7fb23d8ea000-7fb23d8f1000 r-xp 00000000 08:01 1044504                    /lib/x86_64-linux-gnu/librt-2.13.so
7fb23d8f1000-7fb23daf0000 ---p 00007000 08:01 1044504                    /lib/x86_64-linux-gnu/librt-2.13.so
7fb23daf0000-7fb23daf1000 r--p 00006000 08:01 1044504                    /lib/x86_64-linux-gnu/librt-2.13.so
7fb23daf1000-7fb23daf2000 rw-p 00007000 08:01 1044504                    /lib/x86_64-linux-gnu/librt-2.13.so
7fb23daf2000-7fb23db73000 r-xp 00000000 08:01 1044491                    /lib/x86_64-linux-gnu/libm-2.13.so
7fb23db73000-7fb23dd72000 ---p 00081000 08:01 1044491                    /lib/x86_64-linux-gnu/libm-2.13.so
7fb23dd72000-7fb23dd73000 r--p 00080000 08:01 1044491                    /lib/x86_64-linux-gnu/libm-2.13.so
7fb23dd73000-7fb23dd74000 rw-p 00081000 08:01 1044491                    /lib/x86_64-linux-gnu/libm-2.13.so
7fb23dd74000-7fb23e8d6000 r-xp 00000000 08:01 1436756                    /usr/lib/jvm/java-7-oracle/jre/lib/amd64/server/libjvm.so
7fb23e8d6000-7fb23ead6000 ---p 00b62000 08:01 1436756                    /usr/lib/jvm/java-7-oracle/jre/lib/amd64/server/libjvm.so
7fb23ead6000-7fb23eb99000 rw-p 00b62000 08:01 1436756                    /usr/lib/jvm/java-7-oracle/jre/lib/amd64/server/libjvm.so
7fb23eb99000-7fb23ebda000 rw-p 00000000 00:00 0 
7fb23ebda000-7fb23ed5c000 r-xp 00000000 08:01 1044483                    /lib/x86_64-linux-gnu/libc-2.13.so
7fb23ed5c000-7fb23ef5b000 ---p 00182000 08:01 1044483                    /lib/x86_64-linux-gnu/libc-2.13.so
7fb23ef5b000-7fb23ef5f000 r--p 00181000 08:01 1044483                    /lib/x86_64-linux-gnu/libc-2.13.so
7fb23ef5f000-7fb23ef60000 rw-p 00185000 08:01 1044483                    /lib/x86_64-linux-gnu/libc-2.13.so
7fb23ef60000-7fb23ef65000 rw-p 00000000 00:00 0 
7fb23ef65000-7fb23ef67000 r-xp 00000000 08:01 1044498                    /lib/x86_64-linux-gnu/libdl-2.13.so
7fb23ef67000-7fb23f167000 ---p 00002000 08:01 1044498                    /lib/x86_64-linux-gnu/libdl-2.13.so
7fb23f167000-7fb23f168000 r--p 00002000 08:01 1044498                    /lib/x86_64-linux-gnu/libdl-2.13.so
7fb23f168000-7fb23f169000 rw-p 00003000 08:01 1044498                    /lib/x86_64-linux-gnu/libdl-2.13.so
7fb23f169000-7fb23f17f000 r-xp 00000000 08:01 1436787                    /usr/lib/jvm/java-7-oracle/jre/lib/amd64/jli/libjli.so
7fb23f17f000-7fb23f37f000 ---p 00016000 08:01 1436787                    /usr/lib/jvm/java-7-oracle/jre/lib/amd64/jli/libjli.so
7fb23f37f000-7fb23f380000 rw-p 00016000 08:01 1436787                    /usr/lib/jvm/java-7-oracle/jre/lib/amd64/jli/libjli.so
7fb23f380000-7fb23f397000 r-xp 00000000 08:01 1044502                    /lib/x86_64-linux-gnu/libpthread-2.13.so
7fb23f397000-7fb23f596000 ---p 00017000 08:01 1044502                    /lib/x86_64-linux-gnu/libpthread-2.13.so
7fb23f596000-7fb23f597000 r--p 00016000 08:01 1044502                    /lib/x86_64-linux-gnu/libpthread-2.13.so
7fb23f597000-7fb23f598000 rw-p 00017000 08:01 1044502                    /lib/x86_64-linux-gnu/libpthread-2.13.so
7fb23f598000-7fb23f59c000 rw-p 00000000 00:00 0 
7fb23f59c000-7fb23f5bc000 r-xp 00000000 08:01 1044506                    /lib/x86_64-linux-gnu/ld-2.13.so
7fb23f5be000-7fb23f5dd000 r--p 00000000 08:01 658546                     /usr/share/locale/de/LC_MESSAGES/libc.mo
7fb23f5dd000-7fb23f5e7000 rw-p 00000000 00:00 0 
7fb23f5e7000-7fb23f69d000 rw-p 00000000 00:00 0 
7fb23f69d000-7fb23f6a0000 ---p 00000000 00:00 0 
7fb23f6a0000-7fb23f7a2000 rw-p 00000000 00:00 0 
7fb23f7a7000-7fb23f7a8000 rw-p 00000000 00:00 0 
7fb23f7a8000-7fb23f7af000 r--s 00000000 08:01 654016                     /usr/lib/x86_64-linux-gnu/gconv/gconv-modules.cache
7fb23f7af000-7fb23f7b7000 rw-s 00000000 08:01 1456060                    /tmp/hsperfdata_root/50334
7fb23f7b7000-7fb23f7b8000 rw-p 00000000 00:00 0 
7fb23f7b8000-7fb23f7b9000 ---p 00000000 00:00 0 
7fb23f7b9000-7fb23f7bb000 rw-p 00000000 00:00 0 
7fb23f7bb000-7fb23f7bc000 r--p 0001f000 08:01 1044506                    /lib/x86_64-linux-gnu/ld-2.13.so
7fb23f7bc000-7fb23f7bd000 rw-p 00020000 08:01 1044506                    /lib/x86_64-linux-gnu/ld-2.13.so
7fb23f7bd000-7fb23f7be000 rw-p 00000000 00:00 0 
7fff3034e000-7fff3036f000 rw-p 00000000 00:00 0                          [stack]
7fff303f1000-7fff303f2000 r-xp 00000000 00:00 0                          [vdso]
ffffffffff600000-ffffffffff601000 r-xp 00000000 00:00 0                  [vsyscall]

VM Arguments:
jvm_args: -Dant.home=/usr/share/ant -Dant.library.dir=/usr/share/ant/lib 
java_command: org.apache.tools.ant.launch.Launcher -cp  run-tests
Launcher Type: SUN_STANDARD

Environment Variables:
PATH=/usr/local/sbin:/usr/local/bin:/usr/sbin:/usr/bin:/sbin:/bin
USERNAME=root
SHELL=/bin/bash
DISPLAY=:0.0

Signal Handlers:
SIGSEGV: [libjvm.so+0x993870], sa_mask[0]=0x7ffbfeff, sa_flags=0x10000004
SIGBUS: [libjvm.so+0x993870], sa_mask[0]=0x7ffbfeff, sa_flags=0x10000004
SIGFPE: [libjvm.so+0x8105b0], sa_mask[0]=0x7ffbfeff, sa_flags=0x10000004
SIGPIPE: [libjvm.so+0x8105b0], sa_mask[0]=0x7ffbfeff, sa_flags=0x10000004
SIGXFSZ: [libjvm.so+0x8105b0], sa_mask[0]=0x7ffbfeff, sa_flags=0x10000004
SIGILL: [libjvm.so+0x8105b0], sa_mask[0]=0x7ffbfeff, sa_flags=0x10000004
SIGUSR1: SIG_DFL, sa_mask[0]=0x00000000, sa_flags=0x00000000
SIGUSR2: [libjvm.so+0x811aa0], sa_mask[0]=0x00000000, sa_flags=0x10000004
SIGHUP: [libjvm.so+0x812a10], sa_mask[0]=0x7ffbfeff, sa_flags=0x10000004
SIGINT: [libjvm.so+0x812a10], sa_mask[0]=0x7ffbfeff, sa_flags=0x10000004
SIGTERM: [libjvm.so+0x812a10], sa_mask[0]=0x7ffbfeff, sa_flags=0x10000004
SIGQUIT: [libjvm.so+0x812a10], sa_mask[0]=0x7ffbfeff, sa_flags=0x10000004


---------------  S Y S T E M  ---------------

OS:7.5

uname:Linux 3.2.0-4-amd64 #1 SMP Debian 3.2.57-3+deb7u2 x86_64
libc:glibc 2.13 NPTL 2.13 
rlimit: STACK 8192k, CORE 0k, NPROC 63913, NOFILE 4096, AS infinity
load average:2,12 0,82 0,43

/proc/meminfo:
MemTotal:        8193516 kB
MemFree:          103884 kB
Buffers:             136 kB
Cached:            47688 kB
SwapCached:            0 kB
Active:          7830164 kB
Inactive:          45392 kB
Active(anon):    7828344 kB
Inactive(anon):    43040 kB
Active(file):       1820 kB
Inactive(file):     2352 kB
Unevictable:          40 kB
Mlocked:              40 kB
SwapTotal:             0 kB
SwapFree:              0 kB
Dirty:                 0 kB
Writeback:             0 kB
AnonPages:       7827796 kB
Mapped:            44892 kB
Shmem:             43620 kB
Slab:              84212 kB
SReclaimable:      43832 kB
SUnreclaim:        40380 kB
KernelStack:        8584 kB
PageTables:        75092 kB
NFS_Unstable:          0 kB
Bounce:                0 kB
WritebackTmp:          0 kB
CommitLimit:     4096756 kB
Committed_AS:   12985832 kB
VmallocTotal:   34359738367 kB
VmallocUsed:      165832 kB
VmallocChunk:   34359568380 kB
HardwareCorrupted:     0 kB
AnonHugePages:         0 kB
HugePages_Total:       0
HugePages_Free:        0
HugePages_Rsvd:        0
HugePages_Surp:        0
Hugepagesize:       2048 kB
DirectMap4k:       47104 kB
DirectMap2M:     2050048 kB
DirectMap1G:     6291456 kB


CPU:total 4 (1 cores per cpu, 1 threads per core) family 6 model 70 stepping 1, cmov, cx8, fxsr, mmx, sse, sse2, sse3, ssse3, sse4.1, sse4.2, popcnt, avx, aes, erms, tsc, tscinvbit

/proc/cpuinfo:
processor	: 0
vendor_id	: GenuineIntel
cpu family	: 6
model		: 70
model name	: Intel(R) Core(TM) i7-4850HQ CPU @ 2.30GHz
stepping	: 1
microcode	: 0xf
cpu MHz		: 2295.041
cache size	: 6144 KB
fpu		: yes
fpu_exception	: yes
cpuid level	: 13
wp		: yes
flags		: fpu vme de pse tsc msr pae mce cx8 apic sep mtrr pge mca cmov pat pse36 clflush dts mmx fxsr sse sse2 ss syscall nx pdpe1gb rdtscp lm constant_tsc arch_perfmon pebs bts nopl xtopology tsc_reliable nonstop_tsc aperfmperf pni pclmulqdq ssse3 fma cx16 pcid sse4_1 sse4_2 x2apic movbe popcnt aes xsave avx f16c rdrand hypervisor lahf_lm ida arat epb xsaveopt pln pts dtherm fsgsbase smep
bogomips	: 4590.08
clflush size	: 64
cache_alignment	: 64
address sizes	: 40 bits physical, 48 bits virtual
power management:

processor	: 1
vendor_id	: GenuineIntel
cpu family	: 6
model		: 70
model name	: Intel(R) Core(TM) i7-4850HQ CPU @ 2.30GHz
stepping	: 1
microcode	: 0xf
cpu MHz		: 2295.041
cache size	: 6144 KB
fpu		: yes
fpu_exception	: yes
cpuid level	: 13
wp		: yes
flags		: fpu vme de pse tsc msr pae mce cx8 apic sep mtrr pge mca cmov pat pse36 clflush dts mmx fxsr sse sse2 ss syscall nx pdpe1gb rdtscp lm constant_tsc arch_perfmon pebs bts nopl xtopology tsc_reliable nonstop_tsc aperfmperf pni pclmulqdq ssse3 fma cx16 pcid sse4_1 sse4_2 x2apic movbe popcnt aes xsave avx f16c rdrand hypervisor lahf_lm ida arat epb xsaveopt pln pts dtherm fsgsbase smep
bogomips	: 4590.08
clflush size	: 64
cache_alignment	: 64
address sizes	: 40 bits physical, 48 bits virtual
power management:

processor	: 2
vendor_id	: GenuineIntel
cpu family	: 6
model		: 70
model name	: Intel(R) Core(TM) i7-4850HQ CPU @ 2.30GHz
stepping	: 1
microcode	: 0xf
cpu MHz		: 2295.041
cache size	: 6144 KB
fpu		: yes
fpu_exception	: yes
cpuid level	: 13
wp		: yes
flags		: fpu vme de pse tsc msr pae mce cx8 apic sep mtrr pge mca cmov pat pse36 clflush dts mmx fxsr sse sse2 ss syscall nx pdpe1gb rdtscp lm constant_tsc arch_perfmon pebs bts nopl xtopology tsc_reliable nonstop_tsc aperfmperf pni pclmulqdq ssse3 fma cx16 pcid sse4_1 sse4_2 x2apic movbe popcnt aes xsave avx f16c rdrand hypervisor lahf_lm ida arat epb xsaveopt pln pts dtherm fsgsbase smep
bogomips	: 4590.08
clflush size	: 64
cache_alignment	: 64
address sizes	: 40 bits physical, 48 bits virtual
power management:

processor	: 3
vendor_id	: GenuineIntel
cpu family	: 6
model		: 70
model name	: Intel(R) Core(TM) i7-4850HQ CPU @ 2.30GHz
stepping	: 1
microcode	: 0xf
cpu MHz		: 2295.041
cache size	: 6144 KB
fpu		: yes
fpu_exception	: yes
cpuid level	: 13
wp		: yes
flags		: fpu vme de pse tsc msr pae mce cx8 apic sep mtrr pge mca cmov pat pse36 clflush dts mmx fxsr sse sse2 ss syscall nx pdpe1gb rdtscp lm constant_tsc arch_perfmon pebs bts nopl xtopology tsc_reliable nonstop_tsc aperfmperf pni pclmulqdq ssse3 fma cx16 pcid sse4_1 sse4_2 x2apic movbe popcnt aes xsave avx f16c rdrand hypervisor lahf_lm ida arat epb xsaveopt pln pts dtherm fsgsbase smep
bogomips	: 4590.08
clflush size	: 64
cache_alignment	: 64
address sizes	: 40 bits physical, 48 bits virtual
power management:



Memory: 4k page, physical 8193516k(103592k free), swap 0k(0k free)

vm_info: Java HotSpot(TM) 64-Bit Server VM (24.51-b03) for linux-amd64 JRE (1.7.0_51-b13), built on Dec 18 2013 18:48:01 by "java_re" with gcc 4.3.0 20080428 (Red Hat 4.3.0-8)

time: Wed Jul  2 19:24:06 2014
elapsed time: 1 seconds

