#
# There is insufficient memory for the Java Runtime Environment to continue.
# Native memory allocation (malloc) failed to allocate 63963136 bytes for committing reserved memory.
# Possible reasons:
#   The system is out of physical RAM or swap space
#   In 32 bit mode, the process size limit was hit
# Possible solutions:
#   Reduce memory load on the system
#   Increase physical memory or swap space
#   Check if swap backing store is full
#   Use 64 bit Java on a 64 bit OS
#   Decrease Java heap size (-Xmx/-Xms)
#   Decrease number of Java threads
#   Decrease Java thread stack sizes (-Xss)
#   Set larger code cache with -XX:ReservedCodeCacheSize=
# This output file may be truncated or incomplete.
#
#  Out of Memory Error (os_linux.cpp:2726), pid=50291, tid=139782618060544
#
# JRE version: Java(TM) SE Runtime Environment (7.0_51-b13) (build 1.7.0_51-b13)
# Java VM: Java HotSpot(TM) 64-Bit Server VM (24.51-b03 mixed mode linux-amd64 compressed oops)
# Failed to write core dump. Core dumps have been disabled. To enable core dumping, try "ulimit -c unlimited" before starting Java again
#

---------------  T H R E A D  ---------------

Current thread (0x0000000000ec3000):  VMThread [stack: 0x00007f21ad3b9000,0x00007f21ad4ba000] [id=50299]

Stack: [0x00007f21ad3b9000,0x00007f21ad4ba000],  sp=0x00007f21ad4b7fe0,  free space=1019k
Native frames: (J=compiled Java code, j=interpreted, Vv=VM code, C=native code)
V  [libjvm.so+0x992f4a]  VMError::report_and_die()+0x2ea
V  [libjvm.so+0x4931ab]  report_vm_out_of_memory(char const*, int, unsigned long, char const*)+0x9b
V  [libjvm.so+0x81338e]  os::Linux::commit_memory_impl(char*, unsigned long, bool)+0xfe
V  [libjvm.so+0x81383f]  os::Linux::commit_memory_impl(char*, unsigned long, unsigned long, bool)+0x4f
V  [libjvm.so+0x813a2c]  os::pd_commit_memory(char*, unsigned long, unsigned long, bool)+0xc
V  [libjvm.so+0x80daea]  os::commit_memory(char*, unsigned long, unsigned long, bool)+0x2a
V  [libjvm.so+0x87fcd3]  PSVirtualSpace::expand_by(unsigned long)+0x53
V  [libjvm.so+0x8810a8]  PSYoungGen::resize_generation(unsigned long, unsigned long)+0xf8
V  [libjvm.so+0x880212]  PSYoungGen::resize(unsigned long, unsigned long)+0x22
V  [libjvm.so+0x87d6ab]  PSScavenge::invoke_no_policy()+0xf3b
V  [libjvm.so+0x87de11]  PSScavenge::invoke()+0x41
V  [libjvm.so+0x834f10]  ParallelScavengeHeap::failed_mem_allocate(unsigned long)+0x70
V  [libjvm.so+0x9947e7]  VM_ParallelGCFailedAllocation::doit()+0x97
V  [libjvm.so+0x99bc15]  VM_Operation::evaluate()+0x55
V  [libjvm.so+0x99a04a]  VMThread::evaluate_operation(VM_Operation*)+0xba
V  [libjvm.so+0x99a3ce]  VMThread::loop()+0x1ce
V  [libjvm.so+0x99a840]  VMThread::run()+0x70
V  [libjvm.so+0x815538]  java_start(Thread*)+0x108

VM_Operation (0x00007f21b94e24f0): ParallelGCFailedAllocation, mode: safepoint, requested by thread 0x0000000000e63000


---------------  P R O C E S S  ---------------

Java Threads: ( => current thread )
  0x0000000000ef6800 JavaThread "Service Thread" daemon [_thread_blocked, id=50305, stack(0x00007f21a7eff000,0x00007f21a8000000)]
  0x0000000000ef3800 JavaThread "C2 CompilerThread1" daemon [_thread_blocked, id=50304, stack(0x00007f21acd3d000,0x00007f21ace3e000)]
  0x0000000000ef0800 JavaThread "C2 CompilerThread0" daemon [_thread_blocked, id=50303, stack(0x00007f21ace3e000,0x00007f21acf3f000)]
  0x0000000000ee6000 JavaThread "Signal Dispatcher" daemon [_thread_blocked, id=50302, stack(0x00007f21acf3f000,0x00007f21ad040000)]
  0x0000000000ecf000 JavaThread "Finalizer" daemon [_thread_blocked, id=50301, stack(0x00007f21ad1b7000,0x00007f21ad2b8000)]
  0x0000000000ec5800 JavaThread "Reference Handler" daemon [_thread_blocked, id=50300, stack(0x00007f21ad2b8000,0x00007f21ad3b9000)]
  0x0000000000e63000 JavaThread "main" [_thread_blocked, id=50294, stack(0x00007f21b93e4000,0x00007f21b94e5000)]

Other Threads:
=>0x0000000000ec3000 VMThread [stack: 0x00007f21ad3b9000,0x00007f21ad4ba000] [id=50299]
  0x0000000000f01800 WatcherThread [stack: 0x00007f21acc3c000,0x00007f21acd3d000] [id=50306]

VM state:at safepoint (normal execution)

VM Mutex/Monitor currently owned by a thread:  ([mutex/lock_event])
[0x0000000000e5f850] Threads_lock - owner thread: 0x0000000000ec3000
[0x0000000000e5fd50] Heap_lock - owner thread: 0x0000000000e63000

Heap
 PSYoungGen      total 70656K, used 1376K [0x00000007d6480000, 0x00000007dae80000, 0x0000000800000000)
  eden space 65536K, 0% used [0x00000007d6480000,0x00000007d6480000,0x00000007da480000)
  from space 5120K, 26% used [0x00000007da480000,0x00000007da5d8070,0x00000007da980000)
  to   space 5120K, 0% used [0x00000007da980000,0x00000007da980000,0x00000007dae80000)
 ParOldGen       total 84992K, used 8K [0x0000000782e00000, 0x0000000788100000, 0x00000007d6480000)
  object space 84992K, 0% used [0x0000000782e00000,0x0000000782e02000,0x0000000788100000)
 PSPermGen       total 21504K, used 6604K [0x000000077dc00000, 0x000000077f100000, 0x0000000782e00000)
  object space 21504K, 30% used [0x000000077dc00000,0x000000077e273088,0x000000077f100000)

Card table byte_map: [0x00007f21b3393000,0x00007f21b37a6000] byte_map_base: 0x00007f21af7a5000

Polling page: 0x00007f21b94ff000

Code Cache  [0x00007f21b37a6000, 0x00007f21b3a16000, 0x00007f21b67a6000)
 total_blobs=299 nmethods=57 adapters=196 free_code_cache=48624Kb largest_free_block=49768896

Compilation events (10 events):
Event: 0,882 Thread 0x0000000000ef0800 nmethod 52 0x00007f21b3828110 code [0x00007f21b3828260, 0x00007f21b3828478]
Event: 0,888 Thread 0x0000000000ef3800 nmethod 53 0x00007f21b3827b90 code [0x00007f21b3827ce0, 0x00007f21b3827f78]
Event: 0,892 Thread 0x0000000000ef0800   54 %           sun.nio.cs.UTF_8$Decoder::decodeArrayLoop @ 73 (543 bytes)
Event: 0,892 Thread 0x0000000000ef3800   55             org.apache.tools.ant.property.ParseProperties::parseProperties (170 bytes)
Event: 0,911 Thread 0x0000000000ef0800 nmethod 54% 0x00007f21b3828f10 code [0x00007f21b3829160, 0x00007f21b3829d78]
Event: 0,921 Thread 0x0000000000ef3800 nmethod 55 0x00007f21b382aa10 code [0x00007f21b382ac60, 0x00007f21b382bfe0]
Event: 0,922 Thread 0x0000000000ef0800   56             java.lang.String::substring (56 bytes)
Event: 0,927 Thread 0x0000000000ef0800 nmethod 56 0x00007f21b382ef50 code [0x00007f21b382f0c0, 0x00007f21b382f418]
Event: 0,930 Thread 0x0000000000ef3800   57             org.apache.tools.ant.filters.ExpandProperties::read (124 bytes)
Event: 0,936 Thread 0x0000000000ef3800 nmethod 57 0x00007f21b382e3d0 code [0x00007f21b382e560, 0x00007f21b382eac8]

GC Heap History (9 events):
Event: 0,883 GC heap before
{Heap before GC invocations=1 (full 0):
 PSYoungGen      total 37888K, used 32768K [0x00000007d6480000, 0x00000007d8e80000, 0x0000000800000000)
  eden space 32768K, 100% used [0x00000007d6480000,0x00000007d8480000,0x00000007d8480000)
  from space 5120K, 0% used [0x00000007d8980000,0x00000007d8980000,0x00000007d8e80000)
  to   space 5120K, 0% used [0x00000007d8480000,0x00000007d8480000,0x00000007d8980000)
 ParOldGen       total 84992K, used 0K [0x0000000782e00000, 0x0000000788100000, 0x00000007d6480000)
  object space 84992K, 0% used [0x0000000782e00000,0x0000000782e00000,0x0000000788100000)
 PSPermGen       total 21504K, used 6602K [0x000000077dc00000, 0x000000077f100000, 0x0000000782e00000)
  object space 21504K, 30% used [0x000000077dc00000,0x000000077e272a78,0x000000077f100000)
Event: 0,888 GC heap after
Heap after GC invocations=1 (full 0):
 PSYoungGen      total 37888K, used 3502K [0x00000007d6480000, 0x00000007d8e80000, 0x0000000800000000)
  eden space 32768K, 0% used [0x00000007d6480000,0x00000007d6480000,0x00000007d8480000)
  from space 5120K, 68% used [0x00000007d8480000,0x00000007d87eb9e8,0x00000007d8980000)
  to   space 5120K, 0% used [0x00000007d8980000,0x00000007d8980000,0x00000007d8e80000)
 ParOldGen       total 84992K, used 8K [0x0000000782e00000, 0x0000000788100000, 0x00000007d6480000)
  object space 84992K, 0% used [0x0000000782e00000,0x0000000782e02000,0x0000000788100000)
 PSPermGen       total 21504K, used 6602K [0x000000077dc00000, 0x000000077f100000, 0x0000000782e00000)
  object space 21504K, 30% used [0x000000077dc00000,0x000000077e272a78,0x000000077f100000)
}
Event: 0,906 GC heap before
{Heap before GC invocations=2 (full 0):
 PSYoungGen      total 37888K, used 36270K [0x00000007d6480000, 0x00000007d8e80000, 0x0000000800000000)
  eden space 32768K, 100% used [0x00000007d6480000,0x00000007d8480000,0x00000007d8480000)
  from space 5120K, 68% used [0x00000007d8480000,0x00000007d87eb9e8,0x00000007d8980000)
  to   space 5120K, 0% used [0x00000007d8980000,0x00000007d8980000,0x00000007d8e80000)
 ParOldGen       total 84992K, used 8K [0x0000000782e00000, 0x0000000788100000, 0x00000007d6480000)
  object space 84992K, 0% used [0x0000000782e00000,0x0000000782e02000,0x0000000788100000)
 PSPermGen       total 21504K, used 6604K [0x000000077dc00000, 0x000000077f100000, 0x0000000782e00000)
  object space 21504K, 30% used [0x000000077dc00000,0x000000077e273088,0x000000077f100000)
Event: 0,910 GC heap after
Heap after GC invocations=2 (full 0):
 PSYoungGen      total 37888K, used 1434K [0x00000007d6480000, 0x00000007dae80000, 0x0000000800000000)
  eden space 32768K, 0% used [0x00000007d6480000,0x00000007d6480000,0x00000007d8480000)
  from space 5120K, 28% used [0x00000007d8980000,0x00000007d8ae68d8,0x00000007d8e80000)
  to   space 5120K, 0% used [0x00000007d8480000,0x00000007d8480000,0x00000007d8980000)
 ParOldGen       total 84992K, used 8K [0x0000000782e00000, 0x0000000788100000, 0x00000007d6480000)
  object space 84992K, 0% used [0x0000000782e00000,0x0000000782e02000,0x0000000788100000)
 PSPermGen       total 21504K, used 6604K [0x000000077dc00000, 0x000000077f100000, 0x0000000782e00000)
  object space 21504K, 30% used [0x000000077dc00000,0x000000077e273088,0x000000077f100000)
}
Event: 0,916 GC heap before
{Heap before GC invocations=3 (full 0):
 PSYoungGen      total 37888K, used 34186K [0x00000007d6480000, 0x00000007dae80000, 0x0000000800000000)
  eden space 32768K, 99% used [0x00000007d6480000,0x00000007d847c1d0,0x00000007d8480000)
  from space 5120K, 28% used [0x00000007d8980000,0x00000007d8ae68d8,0x00000007d8e80000)
  to   space 5120K, 0% used [0x00000007d8480000,0x00000007d8480000,0x00000007d8980000)
 ParOldGen       total 84992K, used 8K [0x0000000782e00000, 0x0000000788100000, 0x00000007d6480000)
  object space 84992K, 0% used [0x0000000782e00000,0x0000000782e02000,0x0000000788100000)
 PSPermGen       total 21504K, used 6604K [0x000000077dc00000, 0x000000077f100000, 0x0000000782e00000)
  object space 21504K, 30% used [0x000000077dc00000,0x000000077e273088,0x000000077f100000)
Event: 0,918 GC heap after
Heap after GC invocations=3 (full 0):
 PSYoungGen      total 37888K, used 1376K [0x00000007d6480000, 0x00000007dae80000, 0x0000000800000000)
  eden space 32768K, 0% used [0x00000007d6480000,0x00000007d6480000,0x00000007d8480000)
  from space 5120K, 26% used [0x00000007d8480000,0x00000007d85d8090,0x00000007d8980000)
  to   space 5120K, 0% used [0x00000007da980000,0x00000007da980000,0x00000007dae80000)
 ParOldGen       total 84992K, used 8K [0x0000000782e00000, 0x0000000788100000, 0x00000007d6480000)
  object space 84992K, 0% used [0x0000000782e00000,0x0000000782e02000,0x0000000788100000)
 PSPermGen       total 21504K, used 6604K [0x000000077dc00000, 0x000000077f100000, 0x0000000782e00000)
  object space 21504K, 30% used [0x000000077dc00000,0x000000077e273088,0x000000077f100000)
}
Event: 0,924 GC heap before
{Heap before GC invocations=4 (full 0):
 PSYoungGen      total 37888K, used 34135K [0x00000007d6480000, 0x00000007dae80000, 0x0000000800000000)
  eden space 32768K, 99% used [0x00000007d6480000,0x00000007d847dc98,0x00000007d8480000)
  from space 5120K, 26% used [0x00000007d8480000,0x00000007d85d8090,0x00000007d8980000)
  to   space 5120K, 0% used [0x00000007da980000,0x00000007da980000,0x00000007dae80000)
 ParOldGen       total 84992K, used 8K [0x0000000782e00000, 0x0000000788100000, 0x00000007d6480000)
  object space 84992K, 0% used [0x0000000782e00000,0x0000000782e02000,0x0000000788100000)
 PSPermGen       total 21504K, used 6604K [0x000000077dc00000, 0x000000077f100000, 0x0000000782e00000)
  object space 21504K, 30% used [0x000000077dc00000,0x000000077e273088,0x000000077f100000)
Event: 0,926 GC heap after
Heap after GC invocations=4 (full 0):
 PSYoungGen      total 70656K, used 1392K [0x00000007d6480000, 0x00000007dae80000, 0x0000000800000000)
  eden space 65536K, 0% used [0x00000007d6480000,0x00000007d6480000,0x00000007da480000)
  from space 5120K, 27% used [0x00000007da980000,0x00000007daadc060,0x00000007dae80000)
  to   space 5120K, 0% used [0x00000007da480000,0x00000007da480000,0x00000007da980000)
 ParOldGen       total 84992K, used 8K [0x0000000782e00000, 0x0000000788100000, 0x00000007d6480000)
  object space 84992K, 0% used [0x0000000782e00000,0x0000000782e02000,0x0000000788100000)
 PSPermGen       total 21504K, used 6604K [0x000000077dc00000, 0x000000077f100000, 0x0000000782e00000)
  object space 21504K, 30% used [0x000000077dc00000,0x000000077e273088,0x000000077f100000)
}
Event: 1,194 GC heap before
{Heap before GC invocations=5 (full 0):
 PSYoungGen      total 70656K, used 66924K [0x00000007d6480000, 0x00000007dae80000, 0x0000000800000000)
  eden space 65536K, 99% used [0x00000007d6480000,0x00000007da47f260,0x00000007da480000)
  from space 5120K, 27% used [0x00000007da980000,0x00000007daadc060,0x00000007dae80000)
  to   space 5120K, 0% used [0x00000007da480000,0x00000007da480000,0x00000007da980000)
 ParOldGen       total 84992K, used 8K [0x0000000782e00000, 0x0000000788100000, 0x00000007d6480000)
  object space 84992K, 0% used [0x0000000782e00000,0x0000000782e02000,0x0000000788100000)
 PSPermGen       total 21504K, used 6604K [0x000000077dc00000, 0x000000077f100000, 0x0000000782e00000)
  object space 21504K, 30% used [0x000000077dc00000,0x000000077e273088,0x000000077f100000)

Deoptimization events (7 events):
Event: 0,697 Thread 0x0000000000e63000 Uncommon trap: reason=class_check action=maybe_recompile pc=0x00007f21b3809904 method=java.util.Properties$LineReader.readLine()I @ 62
Event: 0,697 Thread 0x0000000000e63000 Uncommon trap: reason=class_check action=maybe_recompile pc=0x00007f21b3809904 method=java.util.Properties$LineReader.readLine()I @ 62
Event: 0,697 Thread 0x0000000000e63000 Uncommon trap: reason=class_check action=maybe_recompile pc=0x00007f21b3809904 method=java.util.Properties$LineReader.readLine()I @ 62
Event: 0,863 Thread 0x0000000000e63000 Uncommon trap: reason=class_check action=maybe_recompile pc=0x00007f21b3818798 method=java.util.Collections$UnmodifiableCollection$1.hasNext()Z @ 4
Event: 0,863 Thread 0x0000000000e63000 Uncommon trap: reason=class_check action=maybe_recompile pc=0x00007f21b3818798 method=java.util.Collections$UnmodifiableCollection$1.hasNext()Z @ 4
Event: 0,863 Thread 0x0000000000e63000 Uncommon trap: reason=class_check action=maybe_recompile pc=0x00007f21b3818798 method=java.util.Collections$UnmodifiableCollection$1.hasNext()Z @ 4
Event: 0,863 Thread 0x0000000000e63000 Uncommon trap: reason=class_check action=maybe_recompile pc=0x00007f21b3818798 method=java.util.Collections$UnmodifiableCollection$1.hasNext()Z @ 4

Internal exceptions (10 events):
Event: 0,863 Thread 0x0000000000e63000 Threw 0x00000007d72f2c40 at /HUDSON/workspace/7u-2-build-linux-amd64@2/jdk7u51/527/hotspot/src/share/vm/prims/jvm.cpp:1244
Event: 0,863 Thread 0x0000000000e63000 Threw 0x00000007d72f39c0 at /HUDSON/workspace/7u-2-build-linux-amd64@2/jdk7u51/527/hotspot/src/share/vm/prims/jvm.cpp:1244
Event: 0,863 Thread 0x0000000000e63000 Threw 0x00000007d72f7230 at /HUDSON/workspace/7u-2-build-linux-amd64@2/jdk7u51/527/hotspot/src/share/vm/prims/jvm.cpp:1244
Event: 0,864 Thread 0x0000000000e63000 Threw 0x00000007d72f7e20 at /HUDSON/workspace/7u-2-build-linux-amd64@2/jdk7u51/527/hotspot/src/share/vm/prims/jvm.cpp:1244
Event: 0,864 Thread 0x0000000000e63000 Threw 0x00000007d72fbd60 at /HUDSON/workspace/7u-2-build-linux-amd64@2/jdk7u51/527/hotspot/src/share/vm/prims/jvm.cpp:1244
Event: 0,864 Thread 0x0000000000e63000 Threw 0x00000007d72fcbe8 at /HUDSON/workspace/7u-2-build-linux-amd64@2/jdk7u51/527/hotspot/src/share/vm/prims/jvm.cpp:1244
Event: 0,867 Thread 0x0000000000e63000 Threw 0x00000007d732b680 at /HUDSON/workspace/7u-2-build-linux-amd64@2/jdk7u51/527/hotspot/src/share/vm/prims/jvm.cpp:1244
Event: 0,867 Thread 0x0000000000e63000 Threw 0x00000007d732c458 at /HUDSON/workspace/7u-2-build-linux-amd64@2/jdk7u51/527/hotspot/src/share/vm/prims/jvm.cpp:1244
Event: 0,868 Thread 0x0000000000e63000 Threw 0x00000007d7335448 at /HUDSON/workspace/7u-2-build-linux-amd64@2/jdk7u51/527/hotspot/src/share/vm/prims/jvm.cpp:1244
Event: 0,868 Thread 0x0000000000e63000 Threw 0x00000007d7336258 at /HUDSON/workspace/7u-2-build-linux-amd64@2/jdk7u51/527/hotspot/src/share/vm/prims/jvm.cpp:1244

Events (10 events):
Event: 0,873 loading class 0x00007f21ae719ae0 done
Event: 0,883 Executing VM operation: ParallelGCFailedAllocation
Event: 0,888 Executing VM operation: ParallelGCFailedAllocation done
Event: 0,906 Executing VM operation: ParallelGCFailedAllocation
Event: 0,910 Executing VM operation: ParallelGCFailedAllocation done
Event: 0,916 Executing VM operation: ParallelGCFailedAllocation
Event: 0,918 Executing VM operation: ParallelGCFailedAllocation done
Event: 0,924 Executing VM operation: ParallelGCFailedAllocation
Event: 0,926 Executing VM operation: ParallelGCFailedAllocation done
Event: 1,015 Executing VM operation: ParallelGCFailedAllocation


Dynamic libraries:
00400000-00401000 r-xp 00000000 08:01 1436854                            /usr/lib/jvm/java-7-oracle/jre/bin/java
00600000-00601000 rw-p 00000000 08:01 1436854                            /usr/lib/jvm/java-7-oracle/jre/bin/java
00e58000-0121b000 rw-p 00000000 00:00 0                                  [heap]
77dc00000-77f100000 rw-p 00000000 00:00 0 
77f100000-782e00000 rw-p 00000000 00:00 0 
782e00000-788100000 rw-p 00000000 00:00 0 
788100000-7d6480000 rw-p 00000000 00:00 0 
7d6480000-7dae80000 rw-p 00000000 00:00 0 
7deb80000-800000000 rw-p 00000000 00:00 0 
7f21a7eff000-7f21a7f02000 ---p 00000000 00:00 0 
7f21a7f02000-7f21a8000000 rw-p 00000000 00:00 0 
7f21a8000000-7f21a82c8000 rw-p 00000000 00:00 0 
7f21a82c8000-7f21ac000000 ---p 00000000 00:00 0 
7f21ac4f8000-7f21ac73d000 rw-p 00000000 00:00 0 
7f21ac73d000-7f21ac753000 r-xp 00000000 08:01 1436763                    /usr/lib/jvm/java-7-oracle/jre/lib/amd64/libnet.so
7f21ac753000-7f21ac953000 ---p 00016000 08:01 1436763                    /usr/lib/jvm/java-7-oracle/jre/lib/amd64/libnet.so
7f21ac953000-7f21ac954000 rw-p 00016000 08:01 1436763                    /usr/lib/jvm/java-7-oracle/jre/lib/amd64/libnet.so
7f21ac954000-7f21ac964000 r-xp 00000000 08:01 1436775                    /usr/lib/jvm/java-7-oracle/jre/lib/amd64/libnio.so
7f21ac964000-7f21acb64000 ---p 00010000 08:01 1436775                    /usr/lib/jvm/java-7-oracle/jre/lib/amd64/libnio.so
7f21acb64000-7f21acb65000 rw-p 00010000 08:01 1436775                    /usr/lib/jvm/java-7-oracle/jre/lib/amd64/libnio.so
7f21acb65000-7f21acbcf000 r--s 00e1b000 08:01 1308455                    /usr/lib/jvm/java-7-oracle/lib/tools.jar
7f21acbcf000-7f21acbd0000 r--s 00000000 08:01 144509                     /usr/share/java/ant-apache-bsf-1.8.2.jar
7f21acbd0000-7f21acbd2000 r--s 00002000 08:01 144450                     /usr/share/java/ant-launcher-1.8.2.jar
7f21acbd2000-7f21acbd3000 r--s 00001000 08:01 144497                     /usr/share/java/ant-jmf-1.8.2.jar
7f21acbd3000-7f21acbd4000 r--s 00000000 08:01 144505                     /usr/share/java/ant-apache-resolver-1.8.2.jar
7f21acbd4000-7f21acbd5000 r--s 00001000 08:01 144501                     /usr/share/java/ant-javamail-1.8.2.jar
7f21acbd5000-7f21acbd6000 r--s 00000000 08:01 144498                     /usr/share/java/ant-apache-regexp-1.8.2.jar
7f21acbd6000-7f21acbd7000 r--s 00003000 08:01 144510                     /usr/share/java/ant-testutil-1.8.2.jar
7f21acbd7000-7f21acbd8000 r--s 00001000 08:01 144500                     /usr/share/java/ant-junit4-1.8.2.jar
7f21acbd8000-7f21acbda000 r--s 00001000 08:01 144511                     /usr/share/java/ant-apache-bcel-1.8.2.jar
7f21acbda000-7f21acbdc000 r--s 00008000 08:01 144507                     /usr/share/java/ant-apache-oro-1.8.2.jar
7f21acbdc000-7f21acbdd000 r--s 00000000 08:01 144494                     /usr/share/java/ant-apache-log4j-1.8.2.jar
7f21acbdd000-7f21acbde000 r--s 00009000 08:01 144506                     /usr/share/java/ant-jsch-1.8.2.jar
7f21acbde000-7f21acbfb000 r--s 001bc000 08:01 144449                     /usr/share/java/ant-1.8.2.jar
7f21acbfb000-7f21acbfd000 r--s 00001000 08:01 144496                     /usr/share/java/ant-jdepend-1.8.2.jar
7f21acbfd000-7f21acbfe000 r--s 00001000 08:01 144508                     /usr/share/java/ant-antlr-1.8.2.jar
7f21acbfe000-7f21acbff000 r--s 00000000 08:01 144499                     /usr/share/java/ant-apache-xalan2-1.8.2.jar
7f21acbff000-7f21acc02000 r--s 00018000 08:01 167905                     /usr/share/java/junit-3.8.2.jar
7f21acc02000-7f21acc03000 r--s 00000000 08:01 144504                     /usr/share/java/ant-commons-logging-1.8.2.jar
7f21acc03000-7f21acc04000 r--s 00001000 08:01 144503                     /usr/share/java/ant-swing-1.8.2.jar
7f21acc04000-7f21acc06000 r--s 00013000 08:01 144495                     /usr/share/java/ant-commons-net-1.8.2.jar
7f21acc06000-7f21acc08000 r--s 00017000 08:01 144502                     /usr/share/java/ant-junit-1.8.2.jar
7f21acc08000-7f21acc11000 r--s 00031000 08:01 144415                     /usr/share/java/xml-apis-1.4.01.jar
7f21acc11000-7f21acc13000 r--s 00015000 08:01 144387                     /usr/share/java/xml-resolver-1.2.jar
7f21acc13000-7f21acc18000 r--s 00010000 08:01 144414                     /usr/share/java/xml-apis-ext-1.4.01.jar
7f21acc18000-7f21acc31000 r--s 00132000 08:01 144429                     /usr/share/java/xercesImpl-2.11.0.jar
7f21acc31000-7f21acc3a000 r--s 00031000 08:01 144415                     /usr/share/java/xml-apis-1.4.01.jar
7f21acc3a000-7f21acc3c000 r--s 00002000 08:01 144450                     /usr/share/java/ant-launcher-1.8.2.jar
7f21acc3c000-7f21acc3d000 ---p 00000000 00:00 0 
7f21acc3d000-7f21acd3d000 rw-p 00000000 00:00 0 
7f21acd3d000-7f21acd40000 ---p 00000000 00:00 0 
7f21acd40000-7f21ace3e000 rw-p 00000000 00:00 0 
7f21ace3e000-7f21ace41000 ---p 00000000 00:00 0 
7f21ace41000-7f21acf3f000 rw-p 00000000 00:00 0 
7f21acf3f000-7f21acf42000 ---p 00000000 00:00 0 
7f21acf42000-7f21ad040000 rw-p 00000000 00:00 0 
7f21ad040000-7f21ad1b7000 r--p 00000000 08:01 658538                     /usr/lib/locale/locale-archive
7f21ad1b7000-7f21ad1ba000 ---p 00000000 00:00 0 
7f21ad1ba000-7f21ad2b8000 rw-p 00000000 00:00 0 
7f21ad2b8000-7f21ad2bb000 ---p 00000000 00:00 0 
7f21ad2bb000-7f21ad3b9000 rw-p 00000000 00:00 0 
7f21ad3b9000-7f21ad3ba000 ---p 00000000 00:00 0 
7f21ad3ba000-7f21ae4b9000 rw-p 00000000 00:00 0 
7f21ae4b9000-7f21ae676000 r--s 039bf000 08:01 1309111                    /usr/lib/jvm/java-7-oracle/jre/lib/rt.jar
7f21ae676000-7f21b2cca000 rw-p 00000000 00:00 0 
7f21b2cca000-7f21b2ccb000 ---p 00000000 00:00 0 
7f21b2ccb000-7f21b2dcb000 rw-p 00000000 00:00 0 
7f21b2dcb000-7f21b2dcc000 ---p 00000000 00:00 0 
7f21b2dcc000-7f21b2ecc000 rw-p 00000000 00:00 0 
7f21b2ecc000-7f21b2ecd000 ---p 00000000 00:00 0 
7f21b2ecd000-7f21b2fcd000 rw-p 00000000 00:00 0 
7f21b2fcd000-7f21b2fce000 ---p 00000000 00:00 0 
7f21b2fce000-7f21b30d9000 rw-p 00000000 00:00 0 
7f21b30d9000-7f21b30f7000 rw-p 00000000 00:00 0 
7f21b30f7000-7f21b3121000 rw-p 00000000 00:00 0 
7f21b3121000-7f21b3393000 rw-p 00000000 00:00 0 
7f21b3393000-7f21b339e000 rw-p 00000000 00:00 0 
7f21b339e000-7f21b33bc000 rw-p 00000000 00:00 0 
7f21b33bc000-7f21b33e6000 rw-p 00000000 00:00 0 
7f21b33e6000-7f21b3657000 rw-p 00000000 00:00 0 
7f21b3657000-7f21b367d000 rw-p 00000000 00:00 0 
7f21b367d000-7f21b37a5000 rw-p 00000000 00:00 0 
7f21b37a5000-7f21b37a6000 rw-p 00000000 00:00 0 
7f21b37a6000-7f21b3a16000 rwxp 00000000 00:00 0 
7f21b3a16000-7f21b67a6000 rw-p 00000000 00:00 0 
7f21b67a6000-7f21b67c0000 r-xp 00000000 08:01 1436745                    /usr/lib/jvm/java-7-oracle/jre/lib/amd64/libzip.so
7f21b67c0000-7f21b69c0000 ---p 0001a000 08:01 1436745                    /usr/lib/jvm/java-7-oracle/jre/lib/amd64/libzip.so
7f21b69c0000-7f21b69c1000 rw-p 0001a000 08:01 1436745                    /usr/lib/jvm/java-7-oracle/jre/lib/amd64/libzip.so
7f21b69c1000-7f21b69cc000 r-xp 00000000 08:01 1044500                    /lib/x86_64-linux-gnu/libnss_files-2.13.so
7f21b69cc000-7f21b6bcb000 ---p 0000b000 08:01 1044500                    /lib/x86_64-linux-gnu/libnss_files-2.13.so
7f21b6bcb000-7f21b6bcc000 r--p 0000a000 08:01 1044500                    /lib/x86_64-linux-gnu/libnss_files-2.13.so
7f21b6bcc000-7f21b6bcd000 rw-p 0000b000 08:01 1044500                    /lib/x86_64-linux-gnu/libnss_files-2.13.so
7f21b6bcd000-7f21b6bd7000 r-xp 00000000 08:01 1044496                    /lib/x86_64-linux-gnu/libnss_nis-2.13.so
7f21b6bd7000-7f21b6dd6000 ---p 0000a000 08:01 1044496                    /lib/x86_64-linux-gnu/libnss_nis-2.13.so
7f21b6dd6000-7f21b6dd7000 r--p 00009000 08:01 1044496                    /lib/x86_64-linux-gnu/libnss_nis-2.13.so
7f21b6dd7000-7f21b6dd8000 rw-p 0000a000 08:01 1044496                    /lib/x86_64-linux-gnu/libnss_nis-2.13.so
7f21b6dd8000-7f21b6ded000 r-xp 00000000 08:01 1044494                    /lib/x86_64-linux-gnu/libnsl-2.13.so
7f21b6ded000-7f21b6fec000 ---p 00015000 08:01 1044494                    /lib/x86_64-linux-gnu/libnsl-2.13.so
7f21b6fec000-7f21b6fed000 r--p 00014000 08:01 1044494                    /lib/x86_64-linux-gnu/libnsl-2.13.so
7f21b6fed000-7f21b6fee000 rw-p 00015000 08:01 1044494                    /lib/x86_64-linux-gnu/libnsl-2.13.so
7f21b6fee000-7f21b6ff0000 rw-p 00000000 00:00 0 
7f21b6ff0000-7f21b6ff7000 r-xp 00000000 08:01 1044489                    /lib/x86_64-linux-gnu/libnss_compat-2.13.so
7f21b6ff7000-7f21b71f6000 ---p 00007000 08:01 1044489                    /lib/x86_64-linux-gnu/libnss_compat-2.13.so
7f21b71f6000-7f21b71f7000 r--p 00006000 08:01 1044489                    /lib/x86_64-linux-gnu/libnss_compat-2.13.so
7f21b71f7000-7f21b71f8000 rw-p 00007000 08:01 1044489                    /lib/x86_64-linux-gnu/libnss_compat-2.13.so
7f21b71f8000-7f21b7221000 r-xp 00000000 08:01 1436777                    /usr/lib/jvm/java-7-oracle/jre/lib/amd64/libjava.so
7f21b7221000-7f21b7421000 ---p 00029000 08:01 1436777                    /usr/lib/jvm/java-7-oracle/jre/lib/amd64/libjava.so
7f21b7421000-7f21b7423000 rw-p 00029000 08:01 1436777                    /usr/lib/jvm/java-7-oracle/jre/lib/amd64/libjava.so
7f21b7423000-7f21b7430000 r-xp 00000000 08:01 1436761                    /usr/lib/jvm/java-7-oracle/jre/lib/amd64/libverify.so
7f21b7430000-7f21b762f000 ---p 0000d000 08:01 1436761                    /usr/lib/jvm/java-7-oracle/jre/lib/amd64/libverify.so
7f21b762f000-7f21b7631000 rw-p 0000c000 08:01 1436761                    /usr/lib/jvm/java-7-oracle/jre/lib/amd64/libverify.so
7f21b7631000-7f21b7638000 r-xp 00000000 08:01 1044504                    /lib/x86_64-linux-gnu/librt-2.13.so
7f21b7638000-7f21b7837000 ---p 00007000 08:01 1044504                    /lib/x86_64-linux-gnu/librt-2.13.so
7f21b7837000-7f21b7838000 r--p 00006000 08:01 1044504                    /lib/x86_64-linux-gnu/librt-2.13.so
7f21b7838000-7f21b7839000 rw-p 00007000 08:01 1044504                    /lib/x86_64-linux-gnu/librt-2.13.so
7f21b7839000-7f21b78ba000 r-xp 00000000 08:01 1044491                    /lib/x86_64-linux-gnu/libm-2.13.so
7f21b78ba000-7f21b7ab9000 ---p 00081000 08:01 1044491                    /lib/x86_64-linux-gnu/libm-2.13.so
7f21b7ab9000-7f21b7aba000 r--p 00080000 08:01 1044491                    /lib/x86_64-linux-gnu/libm-2.13.so
7f21b7aba000-7f21b7abb000 rw-p 00081000 08:01 1044491                    /lib/x86_64-linux-gnu/libm-2.13.so
7f21b7abb000-7f21b861d000 r-xp 00000000 08:01 1436756                    /usr/lib/jvm/java-7-oracle/jre/lib/amd64/server/libjvm.so
7f21b861d000-7f21b881d000 ---p 00b62000 08:01 1436756                    /usr/lib/jvm/java-7-oracle/jre/lib/amd64/server/libjvm.so
7f21b881d000-7f21b88e0000 rw-p 00b62000 08:01 1436756                    /usr/lib/jvm/java-7-oracle/jre/lib/amd64/server/libjvm.so
7f21b88e0000-7f21b8921000 rw-p 00000000 00:00 0 
7f21b8921000-7f21b8aa3000 r-xp 00000000 08:01 1044483                    /lib/x86_64-linux-gnu/libc-2.13.so
7f21b8aa3000-7f21b8ca2000 ---p 00182000 08:01 1044483                    /lib/x86_64-linux-gnu/libc-2.13.so
7f21b8ca2000-7f21b8ca6000 r--p 00181000 08:01 1044483                    /lib/x86_64-linux-gnu/libc-2.13.so
7f21b8ca6000-7f21b8ca7000 rw-p 00185000 08:01 1044483                    /lib/x86_64-linux-gnu/libc-2.13.so
7f21b8ca7000-7f21b8cac000 rw-p 00000000 00:00 0 
7f21b8cac000-7f21b8cae000 r-xp 00000000 08:01 1044498                    /lib/x86_64-linux-gnu/libdl-2.13.so
7f21b8cae000-7f21b8eae000 ---p 00002000 08:01 1044498                    /lib/x86_64-linux-gnu/libdl-2.13.so
7f21b8eae000-7f21b8eaf000 r--p 00002000 08:01 1044498                    /lib/x86_64-linux-gnu/libdl-2.13.so
7f21b8eaf000-7f21b8eb0000 rw-p 00003000 08:01 1044498                    /lib/x86_64-linux-gnu/libdl-2.13.so
7f21b8eb0000-7f21b8ec6000 r-xp 00000000 08:01 1436787                    /usr/lib/jvm/java-7-oracle/jre/lib/amd64/jli/libjli.so
7f21b8ec6000-7f21b90c6000 ---p 00016000 08:01 1436787                    /usr/lib/jvm/java-7-oracle/jre/lib/amd64/jli/libjli.so
7f21b90c6000-7f21b90c7000 rw-p 00016000 08:01 1436787                    /usr/lib/jvm/java-7-oracle/jre/lib/amd64/jli/libjli.so
7f21b90c7000-7f21b90de000 r-xp 00000000 08:01 1044502                    /lib/x86_64-linux-gnu/libpthread-2.13.so
7f21b90de000-7f21b92dd000 ---p 00017000 08:01 1044502                    /lib/x86_64-linux-gnu/libpthread-2.13.so
7f21b92dd000-7f21b92de000 r--p 00016000 08:01 1044502                    /lib/x86_64-linux-gnu/libpthread-2.13.so
7f21b92de000-7f21b92df000 rw-p 00017000 08:01 1044502                    /lib/x86_64-linux-gnu/libpthread-2.13.so
7f21b92df000-7f21b92e3000 rw-p 00000000 00:00 0 
7f21b92e3000-7f21b9303000 r-xp 00000000 08:01 1044506                    /lib/x86_64-linux-gnu/ld-2.13.so
7f21b9305000-7f21b9324000 r--p 00000000 08:01 658546                     /usr/share/locale/de/LC_MESSAGES/libc.mo
7f21b9324000-7f21b932e000 rw-p 00000000 00:00 0 
7f21b932e000-7f21b93e4000 rw-p 00000000 00:00 0 
7f21b93e4000-7f21b93e7000 ---p 00000000 00:00 0 
7f21b93e7000-7f21b94e9000 rw-p 00000000 00:00 0 
7f21b94ee000-7f21b94ef000 rw-p 00000000 00:00 0 
7f21b94ef000-7f21b94f6000 r--s 00000000 08:01 654016                     /usr/lib/x86_64-linux-gnu/gconv/gconv-modules.cache
7f21b94f6000-7f21b94fe000 rw-s 00000000 08:01 1456067                    /tmp/hsperfdata_root/50291
7f21b94fe000-7f21b94ff000 rw-p 00000000 00:00 0 
7f21b94ff000-7f21b9500000 ---p 00000000 00:00 0 
7f21b9500000-7f21b9502000 rw-p 00000000 00:00 0 
7f21b9502000-7f21b9503000 r--p 0001f000 08:01 1044506                    /lib/x86_64-linux-gnu/ld-2.13.so
7f21b9503000-7f21b9504000 rw-p 00020000 08:01 1044506                    /lib/x86_64-linux-gnu/ld-2.13.so
7f21b9504000-7f21b9505000 rw-p 00000000 00:00 0 
7fffd5d40000-7fffd5d61000 rw-p 00000000 00:00 0                          [stack]
7fffd5dff000-7fffd5e00000 r-xp 00000000 00:00 0                          [vdso]
ffffffffff600000-ffffffffff601000 r-xp 00000000 00:00 0                  [vsyscall]

VM Arguments:
jvm_args: -Dant.home=/usr/share/ant -Dant.library.dir=/usr/share/ant/lib 
java_command: org.apache.tools.ant.launch.Launcher -cp  run-tests
Launcher Type: SUN_STANDARD

Environment Variables:
PATH=/usr/local/sbin:/usr/local/bin:/usr/sbin:/usr/bin:/sbin:/bin
USERNAME=root
SHELL=/bin/bash
DISPLAY=:0.0

Signal Handlers:
SIGSEGV: [libjvm.so+0x993870], sa_mask[0]=0x7ffbfeff, sa_flags=0x10000004
SIGBUS: [libjvm.so+0x993870], sa_mask[0]=0x7ffbfeff, sa_flags=0x10000004
SIGFPE: [libjvm.so+0x8105b0], sa_mask[0]=0x7ffbfeff, sa_flags=0x10000004
SIGPIPE: [libjvm.so+0x8105b0], sa_mask[0]=0x7ffbfeff, sa_flags=0x10000004
SIGXFSZ: [libjvm.so+0x8105b0], sa_mask[0]=0x7ffbfeff, sa_flags=0x10000004
SIGILL: [libjvm.so+0x8105b0], sa_mask[0]=0x7ffbfeff, sa_flags=0x10000004
SIGUSR1: SIG_DFL, sa_mask[0]=0x00000000, sa_flags=0x00000000
SIGUSR2: [libjvm.so+0x811aa0], sa_mask[0]=0x00000000, sa_flags=0x10000004
SIGHUP: [libjvm.so+0x812a10], sa_mask[0]=0x7ffbfeff, sa_flags=0x10000004
SIGINT: [libjvm.so+0x812a10], sa_mask[0]=0x7ffbfeff, sa_flags=0x10000004
SIGTERM: [libjvm.so+0x812a10], sa_mask[0]=0x7ffbfeff, sa_flags=0x10000004
SIGQUIT: [libjvm.so+0x812a10], sa_mask[0]=0x7ffbfeff, sa_flags=0x10000004


---------------  S Y S T E M  ---------------

OS:7.5

uname:Linux 3.2.0-4-amd64 #1 SMP Debian 3.2.57-3+deb7u2 x86_64
libc:glibc 2.13 NPTL 2.13 
rlimit: STACK 8192k, CORE 0k, NPROC 63913, NOFILE 4096, AS infinity
load average:2,13 0,76 0,41

/proc/meminfo:
MemTotal:        8193516 kB
MemFree:          124644 kB
Buffers:            1564 kB
Cached:            74380 kB
SwapCached:            0 kB
Active:          7782096 kB
Inactive:          70996 kB
Active(anon):    7778672 kB
Inactive(anon):    43040 kB
Active(file):       3424 kB
Inactive(file):    27956 kB
Unevictable:          40 kB
Mlocked:              40 kB
SwapTotal:             0 kB
SwapFree:              0 kB
Dirty:                 4 kB
Writeback:            36 kB
AnonPages:       7778116 kB
Mapped:            50808 kB
Shmem:             43620 kB
Slab:              84756 kB
SReclaimable:      44572 kB
SUnreclaim:        40184 kB
KernelStack:        8536 kB
PageTables:        75232 kB
NFS_Unstable:          0 kB
Bounce:                0 kB
WritebackTmp:          0 kB
CommitLimit:     4096756 kB
Committed_AS:   12935884 kB
VmallocTotal:   34359738367 kB
VmallocUsed:      165832 kB
VmallocChunk:   34359568380 kB
HardwareCorrupted:     0 kB
AnonHugePages:         0 kB
HugePages_Total:       0
HugePages_Free:        0
HugePages_Rsvd:        0
HugePages_Surp:        0
Hugepagesize:       2048 kB
DirectMap4k:       47104 kB
DirectMap2M:     2050048 kB
DirectMap1G:     6291456 kB


CPU:total 4 (1 cores per cpu, 1 threads per core) family 6 model 70 stepping 1, cmov, cx8, fxsr, mmx, sse, sse2, sse3, ssse3, sse4.1, sse4.2, popcnt, avx, aes, erms, tsc, tscinvbit

/proc/cpuinfo:
processor	: 0
vendor_id	: GenuineIntel
cpu family	: 6
model		: 70
model name	: Intel(R) Core(TM) i7-4850HQ CPU @ 2.30GHz
stepping	: 1
microcode	: 0xf
cpu MHz		: 2295.041
cache size	: 6144 KB
fpu		: yes
fpu_exception	: yes
cpuid level	: 13
wp		: yes
flags		: fpu vme de pse tsc msr pae mce cx8 apic sep mtrr pge mca cmov pat pse36 clflush dts mmx fxsr sse sse2 ss syscall nx pdpe1gb rdtscp lm constant_tsc arch_perfmon pebs bts nopl xtopology tsc_reliable nonstop_tsc aperfmperf pni pclmulqdq ssse3 fma cx16 pcid sse4_1 sse4_2 x2apic movbe popcnt aes xsave avx f16c rdrand hypervisor lahf_lm ida arat epb xsaveopt pln pts dtherm fsgsbase smep
bogomips	: 4590.08
clflush size	: 64
cache_alignment	: 64
address sizes	: 40 bits physical, 48 bits virtual
power management:

processor	: 1
vendor_id	: GenuineIntel
cpu family	: 6
model		: 70
model name	: Intel(R) Core(TM) i7-4850HQ CPU @ 2.30GHz
stepping	: 1
microcode	: 0xf
cpu MHz		: 2295.041
cache size	: 6144 KB
fpu		: yes
fpu_exception	: yes
cpuid level	: 13
wp		: yes
flags		: fpu vme de pse tsc msr pae mce cx8 apic sep mtrr pge mca cmov pat pse36 clflush dts mmx fxsr sse sse2 ss syscall nx pdpe1gb rdtscp lm constant_tsc arch_perfmon pebs bts nopl xtopology tsc_reliable nonstop_tsc aperfmperf pni pclmulqdq ssse3 fma cx16 pcid sse4_1 sse4_2 x2apic movbe popcnt aes xsave avx f16c rdrand hypervisor lahf_lm ida arat epb xsaveopt pln pts dtherm fsgsbase smep
bogomips	: 4590.08
clflush size	: 64
cache_alignment	: 64
address sizes	: 40 bits physical, 48 bits virtual
power management:

processor	: 2
vendor_id	: GenuineIntel
cpu family	: 6
model		: 70
model name	: Intel(R) Core(TM) i7-4850HQ CPU @ 2.30GHz
stepping	: 1
microcode	: 0xf
cpu MHz		: 2295.041
cache size	: 6144 KB
fpu		: yes
fpu_exception	: yes
cpuid level	: 13
wp		: yes
flags		: fpu vme de pse tsc msr pae mce cx8 apic sep mtrr pge mca cmov pat pse36 clflush dts mmx fxsr sse sse2 ss syscall nx pdpe1gb rdtscp lm constant_tsc arch_perfmon pebs bts nopl xtopology tsc_reliable nonstop_tsc aperfmperf pni pclmulqdq ssse3 fma cx16 pcid sse4_1 sse4_2 x2apic movbe popcnt aes xsave avx f16c rdrand hypervisor lahf_lm ida arat epb xsaveopt pln pts dtherm fsgsbase smep
bogomips	: 4590.08
clflush size	: 64
cache_alignment	: 64
address sizes	: 40 bits physical, 48 bits virtual
power management:

processor	: 3
vendor_id	: GenuineIntel
cpu family	: 6
model		: 70
model name	: Intel(R) Core(TM) i7-4850HQ CPU @ 2.30GHz
stepping	: 1
microcode	: 0xf
cpu MHz		: 2295.041
cache size	: 6144 KB
fpu		: yes
fpu_exception	: yes
cpuid level	: 13
wp		: yes
flags		: fpu vme de pse tsc msr pae mce cx8 apic sep mtrr pge mca cmov pat pse36 clflush dts mmx fxsr sse sse2 ss syscall nx pdpe1gb rdtscp lm constant_tsc arch_perfmon pebs bts nopl xtopology tsc_reliable nonstop_tsc aperfmperf pni pclmulqdq ssse3 fma cx16 pcid sse4_1 sse4_2 x2apic movbe popcnt aes xsave avx f16c rdrand hypervisor lahf_lm ida arat epb xsaveopt pln pts dtherm fsgsbase smep
bogomips	: 4590.08
clflush size	: 64
cache_alignment	: 64
address sizes	: 40 bits physical, 48 bits virtual
power management:



Memory: 4k page, physical 8193516k(124644k free), swap 0k(0k free)

vm_info: Java HotSpot(TM) 64-Bit Server VM (24.51-b03) for linux-amd64 JRE (1.7.0_51-b13), built on Dec 18 2013 18:48:01 by "java_re" with gcc 4.3.0 20080428 (Red Hat 4.3.0-8)

time: Wed Jul  2 19:23:52 2014
elapsed time: 1 seconds

