#
# There is insufficient memory for the Java Runtime Environment to continue.
# Native memory allocation (malloc) failed to allocate 63963136 bytes for committing reserved memory.
# Possible reasons:
#   The system is out of physical RAM or swap space
#   In 32 bit mode, the process size limit was hit
# Possible solutions:
#   Reduce memory load on the system
#   Increase physical memory or swap space
#   Check if swap backing store is full
#   Use 64 bit Java on a 64 bit OS
#   Decrease Java heap size (-Xmx/-Xms)
#   Decrease number of Java threads
#   Decrease Java thread stack sizes (-Xss)
#   Set larger code cache with -XX:ReservedCodeCacheSize=
# This output file may be truncated or incomplete.
#
#  Out of Memory Error (os_linux.cpp:2726), pid=50265, tid=140012873393920
#
# JRE version: Java(TM) SE Runtime Environment (7.0_51-b13) (build 1.7.0_51-b13)
# Java VM: Java HotSpot(TM) 64-Bit Server VM (24.51-b03 mixed mode linux-amd64 compressed oops)
# Failed to write core dump. Core dumps have been disabled. To enable core dumping, try "ulimit -c unlimited" before starting Java again
#

---------------  T H R E A D  ---------------

Current thread (0x00000000013b8000):  VMThread [stack: 0x00007f5749852000,0x00007f5749953000] [id=50273]

Stack: [0x00007f5749852000,0x00007f5749953000],  sp=0x00007f57499510e0,  free space=1020k
Native frames: (J=compiled Java code, j=interpreted, Vv=VM code, C=native code)
V  [libjvm.so+0x992f4a]  VMError::report_and_die()+0x2ea
V  [libjvm.so+0x4931ab]  report_vm_out_of_memory(char const*, int, unsigned long, char const*)+0x9b
V  [libjvm.so+0x81338e]  os::Linux::commit_memory_impl(char*, unsigned long, bool)+0xfe
V  [libjvm.so+0x81383f]  os::Linux::commit_memory_impl(char*, unsigned long, unsigned long, bool)+0x4f
V  [libjvm.so+0x813a2c]  os::pd_commit_memory(char*, unsigned long, unsigned long, bool)+0xc
V  [libjvm.so+0x80daea]  os::commit_memory(char*, unsigned long, unsigned long, bool)+0x2a
V  [libjvm.so+0x87fcd3]  PSVirtualSpace::expand_by(unsigned long)+0x53
V  [libjvm.so+0x8810a8]  PSYoungGen::resize_generation(unsigned long, unsigned long)+0xf8
V  [libjvm.so+0x880212]  PSYoungGen::resize(unsigned long, unsigned long)+0x22
V  [libjvm.so+0x87d6ab]  PSScavenge::invoke_no_policy()+0xf3b
V  [libjvm.so+0x87de11]  PSScavenge::invoke()+0x41
V  [libjvm.so+0x834f10]  ParallelScavengeHeap::failed_mem_allocate(unsigned long)+0x70
V  [libjvm.so+0x9947e7]  VM_ParallelGCFailedAllocation::doit()+0x97
V  [libjvm.so+0x99bc15]  VM_Operation::evaluate()+0x55
V  [libjvm.so+0x99a04a]  VMThread::evaluate_operation(VM_Operation*)+0xba
V  [libjvm.so+0x99a3ce]  VMThread::loop()+0x1ce
V  [libjvm.so+0x99a840]  VMThread::run()+0x70
V  [libjvm.so+0x815538]  java_start(Thread*)+0x108

VM_Operation (0x00007f575597b4f0): ParallelGCFailedAllocation, mode: safepoint, requested by thread 0x0000000001358000


---------------  P R O C E S S  ---------------

Java Threads: ( => current thread )
  0x00000000013ea800 JavaThread "Service Thread" daemon [_thread_blocked, id=50279, stack(0x00007f57490d5000,0x00007f57491d6000)]
  0x00000000013e8800 JavaThread "C2 CompilerThread1" daemon [_thread_blocked, id=50278, stack(0x00007f57491d6000,0x00007f57492d7000)]
  0x00000000013e5800 JavaThread "C2 CompilerThread0" daemon [_thread_blocked, id=50277, stack(0x00007f57492d7000,0x00007f57493d8000)]
  0x00000000013db000 JavaThread "Signal Dispatcher" daemon [_thread_blocked, id=50276, stack(0x00007f57493d8000,0x00007f57494d9000)]
  0x00000000013c4000 JavaThread "Finalizer" daemon [_thread_blocked, id=50275, stack(0x00007f5749650000,0x00007f5749751000)]
  0x00000000013ba800 JavaThread "Reference Handler" daemon [_thread_blocked, id=50274, stack(0x00007f5749751000,0x00007f5749852000)]
  0x0000000001358000 JavaThread "main" [_thread_blocked, id=50268, stack(0x00007f575587d000,0x00007f575597e000)]

Other Threads:
=>0x00000000013b8000 VMThread [stack: 0x00007f5749852000,0x00007f5749953000] [id=50273]
  0x00000000013ed800 WatcherThread [stack: 0x00007f5748fd4000,0x00007f57490d5000] [id=50280]

VM state:at safepoint (normal execution)

VM Mutex/Monitor currently owned by a thread:  ([mutex/lock_event])
[0x0000000001354850] Threads_lock - owner thread: 0x00000000013b8000
[0x0000000001354d50] Heap_lock - owner thread: 0x0000000001358000

Heap
 PSYoungGen      total 70656K, used 1440K [0x00000007d6480000, 0x00000007dae80000, 0x0000000800000000)
  eden space 65536K, 0% used [0x00000007d6480000,0x00000007d6480000,0x00000007da480000)
  from space 5120K, 28% used [0x00000007da480000,0x00000007da5e8070,0x00000007da980000)
  to   space 5120K, 0% used [0x00000007da980000,0x00000007da980000,0x00000007dae80000)
 ParOldGen       total 84992K, used 16K [0x0000000782e00000, 0x0000000788100000, 0x00000007d6480000)
  object space 84992K, 0% used [0x0000000782e00000,0x0000000782e04000,0x0000000788100000)
 PSPermGen       total 21504K, used 6604K [0x000000077dc00000, 0x000000077f100000, 0x0000000782e00000)
  object space 21504K, 30% used [0x000000077dc00000,0x000000077e273088,0x000000077f100000)

Card table byte_map: [0x00007f574f82c000,0x00007f574fc3f000] byte_map_base: 0x00007f574bc3e000

Polling page: 0x00007f5755998000

Code Cache  [0x00007f574fc3f000, 0x00007f574feaf000, 0x00007f5752c3f000)
 total_blobs=300 nmethods=58 adapters=196 free_code_cache=48619Kb largest_free_block=49750976

Compilation events (10 events):
Event: 2,256 Thread 0x00000000013e8800   54             sun.nio.cs.UTF_8$Encoder::encodeArrayLoop (489 bytes)
Event: 2,260 Thread 0x00000000013e5800   55 %           sun.nio.cs.UTF_8$Decoder::decodeArrayLoop @ 73 (543 bytes)
Event: 2,274 Thread 0x00000000013e5800 nmethod 55% 0x00007f574fcc4cd0 code [0x00007f574fcc4f20, 0x00007f574fcc5b38]
Event: 2,275 Thread 0x00000000013e8800 nmethod 54 0x00007f574fcc0210 code [0x00007f574fcc0400, 0x00007f574fcc0bc0]
Event: 2,276 Thread 0x00000000013e5800   56             org.apache.tools.ant.property.ParseProperties::parseProperties (170 bytes)
Event: 2,313 Thread 0x00000000013e8800   57             java.lang.String::substring (56 bytes)
Event: 2,322 Thread 0x00000000013e8800 nmethod 57 0x00007f574fcbfb10 code [0x00007f574fcbfc80, 0x00007f574fcbffd8]
Event: 2,325 Thread 0x00000000013e5800 nmethod 56 0x00007f574fccab10 code [0x00007f574fccad60, 0x00007f574fccc0e0]
Event: 2,325 Thread 0x00000000013e8800   58             org.apache.tools.ant.filters.ExpandProperties::read (124 bytes)
Event: 2,332 Thread 0x00000000013e8800 nmethod 58 0x00007f574fcbcf10 code [0x00007f574fcbd0a0, 0x00007f574fcbd608]

GC Heap History (9 events):
Event: 2,230 GC heap before
{Heap before GC invocations=1 (full 0):
 PSYoungGen      total 37888K, used 32768K [0x00000007d6480000, 0x00000007d8e80000, 0x0000000800000000)
  eden space 32768K, 100% used [0x00000007d6480000,0x00000007d8480000,0x00000007d8480000)
  from space 5120K, 0% used [0x00000007d8980000,0x00000007d8980000,0x00000007d8e80000)
  to   space 5120K, 0% used [0x00000007d8480000,0x00000007d8480000,0x00000007d8980000)
 ParOldGen       total 84992K, used 0K [0x0000000782e00000, 0x0000000788100000, 0x00000007d6480000)
  object space 84992K, 0% used [0x0000000782e00000,0x0000000782e00000,0x0000000788100000)
 PSPermGen       total 21504K, used 6602K [0x000000077dc00000, 0x000000077f100000, 0x0000000782e00000)
  object space 21504K, 30% used [0x000000077dc00000,0x000000077e272a78,0x000000077f100000)
Event: 2,247 GC heap after
Heap after GC invocations=1 (full 0):
 PSYoungGen      total 37888K, used 3517K [0x00000007d6480000, 0x00000007d8e80000, 0x0000000800000000)
  eden space 32768K, 0% used [0x00000007d6480000,0x00000007d6480000,0x00000007d8480000)
  from space 5120K, 68% used [0x00000007d8480000,0x00000007d87ef738,0x00000007d8980000)
  to   space 5120K, 0% used [0x00000007d8980000,0x00000007d8980000,0x00000007d8e80000)
 ParOldGen       total 84992K, used 8K [0x0000000782e00000, 0x0000000788100000, 0x00000007d6480000)
  object space 84992K, 0% used [0x0000000782e00000,0x0000000782e02000,0x0000000788100000)
 PSPermGen       total 21504K, used 6602K [0x000000077dc00000, 0x000000077f100000, 0x0000000782e00000)
  object space 21504K, 30% used [0x000000077dc00000,0x000000077e272a78,0x000000077f100000)
}
Event: 2,281 GC heap before
{Heap before GC invocations=2 (full 0):
 PSYoungGen      total 37888K, used 36285K [0x00000007d6480000, 0x00000007d8e80000, 0x0000000800000000)
  eden space 32768K, 99% used [0x00000007d6480000,0x00000007d847fd98,0x00000007d8480000)
  from space 5120K, 68% used [0x00000007d8480000,0x00000007d87ef738,0x00000007d8980000)
  to   space 5120K, 0% used [0x00000007d8980000,0x00000007d8980000,0x00000007d8e80000)
 ParOldGen       total 84992K, used 8K [0x0000000782e00000, 0x0000000788100000, 0x00000007d6480000)
  object space 84992K, 0% used [0x0000000782e00000,0x0000000782e02000,0x0000000788100000)
 PSPermGen       total 21504K, used 6604K [0x000000077dc00000, 0x000000077f100000, 0x0000000782e00000)
  object space 21504K, 30% used [0x000000077dc00000,0x000000077e273088,0x000000077f100000)
Event: 2,295 GC heap after
Heap after GC invocations=2 (full 0):
 PSYoungGen      total 37888K, used 1440K [0x00000007d6480000, 0x00000007dae80000, 0x0000000800000000)
  eden space 32768K, 0% used [0x00000007d6480000,0x00000007d6480000,0x00000007d8480000)
  from space 5120K, 28% used [0x00000007d8980000,0x00000007d8ae8090,0x00000007d8e80000)
  to   space 5120K, 0% used [0x00000007d8480000,0x00000007d8480000,0x00000007d8980000)
 ParOldGen       total 84992K, used 16K [0x0000000782e00000, 0x0000000788100000, 0x00000007d6480000)
  object space 84992K, 0% used [0x0000000782e00000,0x0000000782e04000,0x0000000788100000)
 PSPermGen       total 21504K, used 6604K [0x000000077dc00000, 0x000000077f100000, 0x0000000782e00000)
  object space 21504K, 30% used [0x000000077dc00000,0x000000077e273088,0x000000077f100000)
}
Event: 2,301 GC heap before
{Heap before GC invocations=3 (full 0):
 PSYoungGen      total 37888K, used 34208K [0x00000007d6480000, 0x00000007dae80000, 0x0000000800000000)
  eden space 32768K, 100% used [0x00000007d6480000,0x00000007d8480000,0x00000007d8480000)
  from space 5120K, 28% used [0x00000007d8980000,0x00000007d8ae8090,0x00000007d8e80000)
  to   space 5120K, 0% used [0x00000007d8480000,0x00000007d8480000,0x00000007d8980000)
 ParOldGen       total 84992K, used 16K [0x0000000782e00000, 0x0000000788100000, 0x00000007d6480000)
  object space 84992K, 0% used [0x0000000782e00000,0x0000000782e04000,0x0000000788100000)
 PSPermGen       total 21504K, used 6604K [0x000000077dc00000, 0x000000077f100000, 0x0000000782e00000)
  object space 21504K, 30% used [0x000000077dc00000,0x000000077e273088,0x000000077f100000)
Event: 2,309 GC heap after
Heap after GC invocations=3 (full 0):
 PSYoungGen      total 37888K, used 1376K [0x00000007d6480000, 0x00000007dae80000, 0x0000000800000000)
  eden space 32768K, 0% used [0x00000007d6480000,0x00000007d6480000,0x00000007d8480000)
  from space 5120K, 26% used [0x00000007d8480000,0x00000007d85d8070,0x00000007d8980000)
  to   space 5120K, 0% used [0x00000007da980000,0x00000007da980000,0x00000007dae80000)
 ParOldGen       total 84992K, used 16K [0x0000000782e00000, 0x0000000788100000, 0x00000007d6480000)
  object space 84992K, 0% used [0x0000000782e00000,0x0000000782e04000,0x0000000788100000)
 PSPermGen       total 21504K, used 6604K [0x000000077dc00000, 0x000000077f100000, 0x0000000782e00000)
  object space 21504K, 30% used [0x000000077dc00000,0x000000077e273088,0x000000077f100000)
}
Event: 2,315 GC heap before
{Heap before GC invocations=4 (full 0):
 PSYoungGen      total 37888K, used 34129K [0x00000007d6480000, 0x00000007dae80000, 0x0000000800000000)
  eden space 32768K, 99% used [0x00000007d6480000,0x00000007d847c5e0,0x00000007d8480000)
  from space 5120K, 26% used [0x00000007d8480000,0x00000007d85d8070,0x00000007d8980000)
  to   space 5120K, 0% used [0x00000007da980000,0x00000007da980000,0x00000007dae80000)
 ParOldGen       total 84992K, used 16K [0x0000000782e00000, 0x0000000788100000, 0x00000007d6480000)
  object space 84992K, 0% used [0x0000000782e00000,0x0000000782e04000,0x0000000788100000)
 PSPermGen       total 21504K, used 6604K [0x000000077dc00000, 0x000000077f100000, 0x0000000782e00000)
  object space 21504K, 30% used [0x000000077dc00000,0x000000077e273088,0x000000077f100000)
Event: 2,322 GC heap after
Heap after GC invocations=4 (full 0):
 PSYoungGen      total 70656K, used 1424K [0x00000007d6480000, 0x00000007dae80000, 0x0000000800000000)
  eden space 65536K, 0% used [0x00000007d6480000,0x00000007d6480000,0x00000007da480000)
  from space 5120K, 27% used [0x00000007da980000,0x00000007daae4080,0x00000007dae80000)
  to   space 5120K, 0% used [0x00000007da480000,0x00000007da480000,0x00000007da980000)
 ParOldGen       total 84992K, used 16K [0x0000000782e00000, 0x0000000788100000, 0x00000007d6480000)
  object space 84992K, 0% used [0x0000000782e00000,0x0000000782e04000,0x0000000788100000)
 PSPermGen       total 21504K, used 6604K [0x000000077dc00000, 0x000000077f100000, 0x0000000782e00000)
  object space 21504K, 30% used [0x000000077dc00000,0x000000077e273088,0x000000077f100000)
}
Event: 3,189 GC heap before
{Heap before GC invocations=5 (full 0):
 PSYoungGen      total 70656K, used 66960K [0x00000007d6480000, 0x00000007dae80000, 0x0000000800000000)
  eden space 65536K, 100% used [0x00000007d6480000,0x00000007da480000,0x00000007da480000)
  from space 5120K, 27% used [0x00000007da980000,0x00000007daae4080,0x00000007dae80000)
  to   space 5120K, 0% used [0x00000007da480000,0x00000007da480000,0x00000007da980000)
 ParOldGen       total 84992K, used 16K [0x0000000782e00000, 0x0000000788100000, 0x00000007d6480000)
  object space 84992K, 0% used [0x0000000782e00000,0x0000000782e04000,0x0000000788100000)
 PSPermGen       total 21504K, used 6604K [0x000000077dc00000, 0x000000077f100000, 0x0000000782e00000)
  object space 21504K, 30% used [0x000000077dc00000,0x000000077e273088,0x000000077f100000)

Deoptimization events (7 events):
Event: 1,893 Thread 0x0000000001358000 Uncommon trap: reason=class_check action=maybe_recompile pc=0x00007f574fca87cc method=java.util.Properties$LineReader.readLine()I @ 62
Event: 1,895 Thread 0x0000000001358000 Uncommon trap: reason=class_check action=maybe_recompile pc=0x00007f574fca87cc method=java.util.Properties$LineReader.readLine()I @ 62
Event: 1,895 Thread 0x0000000001358000 Uncommon trap: reason=class_check action=maybe_recompile pc=0x00007f574fca87cc method=java.util.Properties$LineReader.readLine()I @ 62
Event: 2,197 Thread 0x0000000001358000 Uncommon trap: reason=class_check action=maybe_recompile pc=0x00007f574fcb5cd8 method=java.util.Collections$UnmodifiableCollection$1.hasNext()Z @ 4
Event: 2,197 Thread 0x0000000001358000 Uncommon trap: reason=class_check action=maybe_recompile pc=0x00007f574fcb5cd8 method=java.util.Collections$UnmodifiableCollection$1.hasNext()Z @ 4
Event: 2,198 Thread 0x0000000001358000 Uncommon trap: reason=class_check action=maybe_recompile pc=0x00007f574fcb5cd8 method=java.util.Collections$UnmodifiableCollection$1.hasNext()Z @ 4
Event: 2,198 Thread 0x0000000001358000 Uncommon trap: reason=class_check action=maybe_recompile pc=0x00007f574fcb5cd8 method=java.util.Collections$UnmodifiableCollection$1.hasNext()Z @ 4

Internal exceptions (10 events):
Event: 2,197 Thread 0x0000000001358000 Threw 0x00000007d73319e8 at /HUDSON/workspace/7u-2-build-linux-amd64@2/jdk7u51/527/hotspot/src/share/vm/prims/jvm.cpp:1244
Event: 2,197 Thread 0x0000000001358000 Threw 0x00000007d7332768 at /HUDSON/workspace/7u-2-build-linux-amd64@2/jdk7u51/527/hotspot/src/share/vm/prims/jvm.cpp:1244
Event: 2,198 Thread 0x0000000001358000 Threw 0x00000007d7335fd8 at /HUDSON/workspace/7u-2-build-linux-amd64@2/jdk7u51/527/hotspot/src/share/vm/prims/jvm.cpp:1244
Event: 2,198 Thread 0x0000000001358000 Threw 0x00000007d7336bc8 at /HUDSON/workspace/7u-2-build-linux-amd64@2/jdk7u51/527/hotspot/src/share/vm/prims/jvm.cpp:1244
Event: 2,198 Thread 0x0000000001358000 Threw 0x00000007d733ab08 at /HUDSON/workspace/7u-2-build-linux-amd64@2/jdk7u51/527/hotspot/src/share/vm/prims/jvm.cpp:1244
Event: 2,198 Thread 0x0000000001358000 Threw 0x00000007d733b990 at /HUDSON/workspace/7u-2-build-linux-amd64@2/jdk7u51/527/hotspot/src/share/vm/prims/jvm.cpp:1244
Event: 2,202 Thread 0x0000000001358000 Threw 0x00000007d736a458 at /HUDSON/workspace/7u-2-build-linux-amd64@2/jdk7u51/527/hotspot/src/share/vm/prims/jvm.cpp:1244
Event: 2,202 Thread 0x0000000001358000 Threw 0x00000007d736b230 at /HUDSON/workspace/7u-2-build-linux-amd64@2/jdk7u51/527/hotspot/src/share/vm/prims/jvm.cpp:1244
Event: 2,202 Thread 0x0000000001358000 Threw 0x00000007d7374220 at /HUDSON/workspace/7u-2-build-linux-amd64@2/jdk7u51/527/hotspot/src/share/vm/prims/jvm.cpp:1244
Event: 2,202 Thread 0x0000000001358000 Threw 0x00000007d7375030 at /HUDSON/workspace/7u-2-build-linux-amd64@2/jdk7u51/527/hotspot/src/share/vm/prims/jvm.cpp:1244

Events (10 events):
Event: 2,207 loading class 0x00007f574abb2ae0 done
Event: 2,217 Executing VM operation: ParallelGCFailedAllocation
Event: 2,247 Executing VM operation: ParallelGCFailedAllocation done
Event: 2,280 Executing VM operation: ParallelGCFailedAllocation
Event: 2,295 Executing VM operation: ParallelGCFailedAllocation done
Event: 2,301 Executing VM operation: ParallelGCFailedAllocation
Event: 2,309 Executing VM operation: ParallelGCFailedAllocation done
Event: 2,315 Executing VM operation: ParallelGCFailedAllocation
Event: 2,322 Executing VM operation: ParallelGCFailedAllocation done
Event: 2,496 Executing VM operation: ParallelGCFailedAllocation


Dynamic libraries:
00400000-00401000 r-xp 00000000 08:01 1436854                            /usr/lib/jvm/java-7-oracle/jre/bin/java
00600000-00601000 rw-p 00000000 08:01 1436854                            /usr/lib/jvm/java-7-oracle/jre/bin/java
0134d000-0169a000 rw-p 00000000 00:00 0                                  [heap]
77dc00000-77f100000 rw-p 00000000 00:00 0 
77f100000-782e00000 rw-p 00000000 00:00 0 
782e00000-788100000 rw-p 00000000 00:00 0 
788100000-7d6480000 rw-p 00000000 00:00 0 
7d6480000-7dae80000 rw-p 00000000 00:00 0 
7deb80000-800000000 rw-p 00000000 00:00 0 
7f573c000000-7f573c11c000 rw-p 00000000 00:00 0 
7f573c11c000-7f5740000000 ---p 00000000 00:00 0 
7f5744000000-7f5744216000 rw-p 00000000 00:00 0 
7f5744216000-7f5748000000 ---p 00000000 00:00 0 
7f5748890000-7f5748ad5000 rw-p 00000000 00:00 0 
7f5748ad5000-7f5748aeb000 r-xp 00000000 08:01 1436763                    /usr/lib/jvm/java-7-oracle/jre/lib/amd64/libnet.so
7f5748aeb000-7f5748ceb000 ---p 00016000 08:01 1436763                    /usr/lib/jvm/java-7-oracle/jre/lib/amd64/libnet.so
7f5748ceb000-7f5748cec000 rw-p 00016000 08:01 1436763                    /usr/lib/jvm/java-7-oracle/jre/lib/amd64/libnet.so
7f5748cec000-7f5748cfc000 r-xp 00000000 08:01 1436775                    /usr/lib/jvm/java-7-oracle/jre/lib/amd64/libnio.so
7f5748cfc000-7f5748efc000 ---p 00010000 08:01 1436775                    /usr/lib/jvm/java-7-oracle/jre/lib/amd64/libnio.so
7f5748efc000-7f5748efd000 rw-p 00010000 08:01 1436775                    /usr/lib/jvm/java-7-oracle/jre/lib/amd64/libnio.so
7f5748efd000-7f5748f67000 r--s 00e1b000 08:01 1308455                    /usr/lib/jvm/java-7-oracle/lib/tools.jar
7f5748f67000-7f5748f68000 r--s 00000000 08:01 144509                     /usr/share/java/ant-apache-bsf-1.8.2.jar
7f5748f68000-7f5748f6a000 r--s 00002000 08:01 144450                     /usr/share/java/ant-launcher-1.8.2.jar
7f5748f6a000-7f5748f6b000 r--s 00001000 08:01 144497                     /usr/share/java/ant-jmf-1.8.2.jar
7f5748f6b000-7f5748f6c000 r--s 00000000 08:01 144505                     /usr/share/java/ant-apache-resolver-1.8.2.jar
7f5748f6c000-7f5748f6d000 r--s 00001000 08:01 144501                     /usr/share/java/ant-javamail-1.8.2.jar
7f5748f6d000-7f5748f6e000 r--s 00000000 08:01 144498                     /usr/share/java/ant-apache-regexp-1.8.2.jar
7f5748f6e000-7f5748f6f000 r--s 00003000 08:01 144510                     /usr/share/java/ant-testutil-1.8.2.jar
7f5748f6f000-7f5748f70000 r--s 00001000 08:01 144500                     /usr/share/java/ant-junit4-1.8.2.jar
7f5748f70000-7f5748f72000 r--s 00001000 08:01 144511                     /usr/share/java/ant-apache-bcel-1.8.2.jar
7f5748f72000-7f5748f74000 r--s 00008000 08:01 144507                     /usr/share/java/ant-apache-oro-1.8.2.jar
7f5748f74000-7f5748f75000 r--s 00000000 08:01 144494                     /usr/share/java/ant-apache-log4j-1.8.2.jar
7f5748f75000-7f5748f76000 r--s 00009000 08:01 144506                     /usr/share/java/ant-jsch-1.8.2.jar
7f5748f76000-7f5748f93000 r--s 001bc000 08:01 144449                     /usr/share/java/ant-1.8.2.jar
7f5748f93000-7f5748f95000 r--s 00001000 08:01 144496                     /usr/share/java/ant-jdepend-1.8.2.jar
7f5748f95000-7f5748f96000 r--s 00001000 08:01 144508                     /usr/share/java/ant-antlr-1.8.2.jar
7f5748f96000-7f5748f97000 r--s 00000000 08:01 144499                     /usr/share/java/ant-apache-xalan2-1.8.2.jar
7f5748f97000-7f5748f9a000 r--s 00018000 08:01 167905                     /usr/share/java/junit-3.8.2.jar
7f5748f9a000-7f5748f9b000 r--s 00000000 08:01 144504                     /usr/share/java/ant-commons-logging-1.8.2.jar
7f5748f9b000-7f5748f9c000 r--s 00001000 08:01 144503                     /usr/share/java/ant-swing-1.8.2.jar
7f5748f9c000-7f5748f9e000 r--s 00013000 08:01 144495                     /usr/share/java/ant-commons-net-1.8.2.jar
7f5748f9e000-7f5748fa0000 r--s 00017000 08:01 144502                     /usr/share/java/ant-junit-1.8.2.jar
7f5748fa0000-7f5748fa9000 r--s 00031000 08:01 144415                     /usr/share/java/xml-apis-1.4.01.jar
7f5748fa9000-7f5748fab000 r--s 00015000 08:01 144387                     /usr/share/java/xml-resolver-1.2.jar
7f5748fab000-7f5748fb0000 r--s 00010000 08:01 144414                     /usr/share/java/xml-apis-ext-1.4.01.jar
7f5748fb0000-7f5748fc9000 r--s 00132000 08:01 144429                     /usr/share/java/xercesImpl-2.11.0.jar
7f5748fc9000-7f5748fd2000 r--s 00031000 08:01 144415                     /usr/share/java/xml-apis-1.4.01.jar
7f5748fd2000-7f5748fd4000 r--s 00002000 08:01 144450                     /usr/share/java/ant-launcher-1.8.2.jar
7f5748fd4000-7f5748fd5000 ---p 00000000 00:00 0 
7f5748fd5000-7f57490d5000 rw-p 00000000 00:00 0 
7f57490d5000-7f57490d8000 ---p 00000000 00:00 0 
7f57490d8000-7f57491d6000 rw-p 00000000 00:00 0 
7f57491d6000-7f57491d9000 ---p 00000000 00:00 0 
7f57491d9000-7f57492d7000 rw-p 00000000 00:00 0 
7f57492d7000-7f57492da000 ---p 00000000 00:00 0 
7f57492da000-7f57493d8000 rw-p 00000000 00:00 0 
7f57493d8000-7f57493db000 ---p 00000000 00:00 0 
7f57493db000-7f57494d9000 rw-p 00000000 00:00 0 
7f57494d9000-7f5749650000 r--p 00000000 08:01 658538                     /usr/lib/locale/locale-archive
7f5749650000-7f5749653000 ---p 00000000 00:00 0 
7f5749653000-7f5749751000 rw-p 00000000 00:00 0 
7f5749751000-7f5749754000 ---p 00000000 00:00 0 
7f5749754000-7f5749852000 rw-p 00000000 00:00 0 
7f5749852000-7f5749853000 ---p 00000000 00:00 0 
7f5749853000-7f574a952000 rw-p 00000000 00:00 0 
7f574a952000-7f574ab0f000 r--s 039bf000 08:01 1309111                    /usr/lib/jvm/java-7-oracle/jre/lib/rt.jar
7f574ab0f000-7f574f163000 rw-p 00000000 00:00 0 
7f574f163000-7f574f164000 ---p 00000000 00:00 0 
7f574f164000-7f574f264000 rw-p 00000000 00:00 0 
7f574f264000-7f574f265000 ---p 00000000 00:00 0 
7f574f265000-7f574f365000 rw-p 00000000 00:00 0 
7f574f365000-7f574f366000 ---p 00000000 00:00 0 
7f574f366000-7f574f466000 rw-p 00000000 00:00 0 
7f574f466000-7f574f467000 ---p 00000000 00:00 0 
7f574f467000-7f574f572000 rw-p 00000000 00:00 0 
7f574f572000-7f574f590000 rw-p 00000000 00:00 0 
7f574f590000-7f574f5ba000 rw-p 00000000 00:00 0 
7f574f5ba000-7f574f82c000 rw-p 00000000 00:00 0 
7f574f82c000-7f574f837000 rw-p 00000000 00:00 0 
7f574f837000-7f574f855000 rw-p 00000000 00:00 0 
7f574f855000-7f574f87f000 rw-p 00000000 00:00 0 
7f574f87f000-7f574faf0000 rw-p 00000000 00:00 0 
7f574faf0000-7f574fb16000 rw-p 00000000 00:00 0 
7f574fb16000-7f574fc3e000 rw-p 00000000 00:00 0 
7f574fc3e000-7f574fc3f000 rw-p 00000000 00:00 0 
7f574fc3f000-7f574feaf000 rwxp 00000000 00:00 0 
7f574feaf000-7f5752c3f000 rw-p 00000000 00:00 0 
7f5752c3f000-7f5752c59000 r-xp 00000000 08:01 1436745                    /usr/lib/jvm/java-7-oracle/jre/lib/amd64/libzip.so
7f5752c59000-7f5752e59000 ---p 0001a000 08:01 1436745                    /usr/lib/jvm/java-7-oracle/jre/lib/amd64/libzip.so
7f5752e59000-7f5752e5a000 rw-p 0001a000 08:01 1436745                    /usr/lib/jvm/java-7-oracle/jre/lib/amd64/libzip.so
7f5752e5a000-7f5752e65000 r-xp 00000000 08:01 1044500                    /lib/x86_64-linux-gnu/libnss_files-2.13.so
7f5752e65000-7f5753064000 ---p 0000b000 08:01 1044500                    /lib/x86_64-linux-gnu/libnss_files-2.13.so
7f5753064000-7f5753065000 r--p 0000a000 08:01 1044500                    /lib/x86_64-linux-gnu/libnss_files-2.13.so
7f5753065000-7f5753066000 rw-p 0000b000 08:01 1044500                    /lib/x86_64-linux-gnu/libnss_files-2.13.so
7f5753066000-7f5753070000 r-xp 00000000 08:01 1044496                    /lib/x86_64-linux-gnu/libnss_nis-2.13.so
7f5753070000-7f575326f000 ---p 0000a000 08:01 1044496                    /lib/x86_64-linux-gnu/libnss_nis-2.13.so
7f575326f000-7f5753270000 r--p 00009000 08:01 1044496                    /lib/x86_64-linux-gnu/libnss_nis-2.13.so
7f5753270000-7f5753271000 rw-p 0000a000 08:01 1044496                    /lib/x86_64-linux-gnu/libnss_nis-2.13.so
7f5753271000-7f5753286000 r-xp 00000000 08:01 1044494                    /lib/x86_64-linux-gnu/libnsl-2.13.so
7f5753286000-7f5753485000 ---p 00015000 08:01 1044494                    /lib/x86_64-linux-gnu/libnsl-2.13.so
7f5753485000-7f5753486000 r--p 00014000 08:01 1044494                    /lib/x86_64-linux-gnu/libnsl-2.13.so
7f5753486000-7f5753487000 rw-p 00015000 08:01 1044494                    /lib/x86_64-linux-gnu/libnsl-2.13.so
7f5753487000-7f5753489000 rw-p 00000000 00:00 0 
7f5753489000-7f5753490000 r-xp 00000000 08:01 1044489                    /lib/x86_64-linux-gnu/libnss_compat-2.13.so
7f5753490000-7f575368f000 ---p 00007000 08:01 1044489                    /lib/x86_64-linux-gnu/libnss_compat-2.13.so
7f575368f000-7f5753690000 r--p 00006000 08:01 1044489                    /lib/x86_64-linux-gnu/libnss_compat-2.13.so
7f5753690000-7f5753691000 rw-p 00007000 08:01 1044489                    /lib/x86_64-linux-gnu/libnss_compat-2.13.so
7f5753691000-7f57536ba000 r-xp 00000000 08:01 1436777                    /usr/lib/jvm/java-7-oracle/jre/lib/amd64/libjava.so
7f57536ba000-7f57538ba000 ---p 00029000 08:01 1436777                    /usr/lib/jvm/java-7-oracle/jre/lib/amd64/libjava.so
7f57538ba000-7f57538bc000 rw-p 00029000 08:01 1436777                    /usr/lib/jvm/java-7-oracle/jre/lib/amd64/libjava.so
7f57538bc000-7f57538c9000 r-xp 00000000 08:01 1436761                    /usr/lib/jvm/java-7-oracle/jre/lib/amd64/libverify.so
7f57538c9000-7f5753ac8000 ---p 0000d000 08:01 1436761                    /usr/lib/jvm/java-7-oracle/jre/lib/amd64/libverify.so
7f5753ac8000-7f5753aca000 rw-p 0000c000 08:01 1436761                    /usr/lib/jvm/java-7-oracle/jre/lib/amd64/libverify.so
7f5753aca000-7f5753ad1000 r-xp 00000000 08:01 1044504                    /lib/x86_64-linux-gnu/librt-2.13.so
7f5753ad1000-7f5753cd0000 ---p 00007000 08:01 1044504                    /lib/x86_64-linux-gnu/librt-2.13.so
7f5753cd0000-7f5753cd1000 r--p 00006000 08:01 1044504                    /lib/x86_64-linux-gnu/librt-2.13.so
7f5753cd1000-7f5753cd2000 rw-p 00007000 08:01 1044504                    /lib/x86_64-linux-gnu/librt-2.13.so
7f5753cd2000-7f5753d53000 r-xp 00000000 08:01 1044491                    /lib/x86_64-linux-gnu/libm-2.13.so
7f5753d53000-7f5753f52000 ---p 00081000 08:01 1044491                    /lib/x86_64-linux-gnu/libm-2.13.so
7f5753f52000-7f5753f53000 r--p 00080000 08:01 1044491                    /lib/x86_64-linux-gnu/libm-2.13.so
7f5753f53000-7f5753f54000 rw-p 00081000 08:01 1044491                    /lib/x86_64-linux-gnu/libm-2.13.so
7f5753f54000-7f5754ab6000 r-xp 00000000 08:01 1436756                    /usr/lib/jvm/java-7-oracle/jre/lib/amd64/server/libjvm.so
7f5754ab6000-7f5754cb6000 ---p 00b62000 08:01 1436756                    /usr/lib/jvm/java-7-oracle/jre/lib/amd64/server/libjvm.so
7f5754cb6000-7f5754d79000 rw-p 00b62000 08:01 1436756                    /usr/lib/jvm/java-7-oracle/jre/lib/amd64/server/libjvm.so
7f5754d79000-7f5754dba000 rw-p 00000000 00:00 0 
7f5754dba000-7f5754f3c000 r-xp 00000000 08:01 1044483                    /lib/x86_64-linux-gnu/libc-2.13.so
7f5754f3c000-7f575513b000 ---p 00182000 08:01 1044483                    /lib/x86_64-linux-gnu/libc-2.13.so
7f575513b000-7f575513f000 r--p 00181000 08:01 1044483                    /lib/x86_64-linux-gnu/libc-2.13.so
7f575513f000-7f5755140000 rw-p 00185000 08:01 1044483                    /lib/x86_64-linux-gnu/libc-2.13.so
7f5755140000-7f5755145000 rw-p 00000000 00:00 0 
7f5755145000-7f5755147000 r-xp 00000000 08:01 1044498                    /lib/x86_64-linux-gnu/libdl-2.13.so
7f5755147000-7f5755347000 ---p 00002000 08:01 1044498                    /lib/x86_64-linux-gnu/libdl-2.13.so
7f5755347000-7f5755348000 r--p 00002000 08:01 1044498                    /lib/x86_64-linux-gnu/libdl-2.13.so
7f5755348000-7f5755349000 rw-p 00003000 08:01 1044498                    /lib/x86_64-linux-gnu/libdl-2.13.so
7f5755349000-7f575535f000 r-xp 00000000 08:01 1436787                    /usr/lib/jvm/java-7-oracle/jre/lib/amd64/jli/libjli.so
7f575535f000-7f575555f000 ---p 00016000 08:01 1436787                    /usr/lib/jvm/java-7-oracle/jre/lib/amd64/jli/libjli.so
7f575555f000-7f5755560000 rw-p 00016000 08:01 1436787                    /usr/lib/jvm/java-7-oracle/jre/lib/amd64/jli/libjli.so
7f5755560000-7f5755577000 r-xp 00000000 08:01 1044502                    /lib/x86_64-linux-gnu/libpthread-2.13.so
7f5755577000-7f5755776000 ---p 00017000 08:01 1044502                    /lib/x86_64-linux-gnu/libpthread-2.13.so
7f5755776000-7f5755777000 r--p 00016000 08:01 1044502                    /lib/x86_64-linux-gnu/libpthread-2.13.so
7f5755777000-7f5755778000 rw-p 00017000 08:01 1044502                    /lib/x86_64-linux-gnu/libpthread-2.13.so
7f5755778000-7f575577c000 rw-p 00000000 00:00 0 
7f575577c000-7f575579c000 r-xp 00000000 08:01 1044506                    /lib/x86_64-linux-gnu/ld-2.13.so
7f575579e000-7f57557bd000 r--p 00000000 08:01 658546                     /usr/share/locale/de/LC_MESSAGES/libc.mo
7f57557bd000-7f57557c7000 rw-p 00000000 00:00 0 
7f57557c7000-7f575587d000 rw-p 00000000 00:00 0 
7f575587d000-7f5755880000 ---p 00000000 00:00 0 
7f5755880000-7f5755982000 rw-p 00000000 00:00 0 
7f5755987000-7f5755988000 rw-p 00000000 00:00 0 
7f5755988000-7f575598f000 r--s 00000000 08:01 654016                     /usr/lib/x86_64-linux-gnu/gconv/gconv-modules.cache
7f575598f000-7f5755997000 rw-s 00000000 08:01 1456124                    /tmp/hsperfdata_root/50265
7f5755997000-7f5755998000 rw-p 00000000 00:00 0 
7f5755998000-7f5755999000 ---p 00000000 00:00 0 
7f5755999000-7f575599b000 rw-p 00000000 00:00 0 
7f575599b000-7f575599c000 r--p 0001f000 08:01 1044506                    /lib/x86_64-linux-gnu/ld-2.13.so
7f575599c000-7f575599d000 rw-p 00020000 08:01 1044506                    /lib/x86_64-linux-gnu/ld-2.13.so
7f575599d000-7f575599e000 rw-p 00000000 00:00 0 
7fff48c02000-7fff48c23000 rw-p 00000000 00:00 0                          [stack]
7fff48c61000-7fff48c62000 r-xp 00000000 00:00 0                          [vdso]
ffffffffff600000-ffffffffff601000 r-xp 00000000 00:00 0                  [vsyscall]

VM Arguments:
jvm_args: -Dant.home=/usr/share/ant -Dant.library.dir=/usr/share/ant/lib 
java_command: org.apache.tools.ant.launch.Launcher -cp  run-tests
Launcher Type: SUN_STANDARD

Environment Variables:
PATH=/usr/local/sbin:/usr/local/bin:/usr/sbin:/usr/bin:/sbin:/bin
USERNAME=root
SHELL=/bin/bash
DISPLAY=:0.0

Signal Handlers:
SIGSEGV: [libjvm.so+0x993870], sa_mask[0]=0x7ffbfeff, sa_flags=0x10000004
SIGBUS: [libjvm.so+0x993870], sa_mask[0]=0x7ffbfeff, sa_flags=0x10000004
SIGFPE: [libjvm.so+0x8105b0], sa_mask[0]=0x7ffbfeff, sa_flags=0x10000004
SIGPIPE: [libjvm.so+0x8105b0], sa_mask[0]=0x7ffbfeff, sa_flags=0x10000004
SIGXFSZ: [libjvm.so+0x8105b0], sa_mask[0]=0x7ffbfeff, sa_flags=0x10000004
SIGILL: [libjvm.so+0x8105b0], sa_mask[0]=0x7ffbfeff, sa_flags=0x10000004
SIGUSR1: SIG_DFL, sa_mask[0]=0x00000000, sa_flags=0x00000000
SIGUSR2: [libjvm.so+0x811aa0], sa_mask[0]=0x00000000, sa_flags=0x10000004
SIGHUP: [libjvm.so+0x812a10], sa_mask[0]=0x7ffbfeff, sa_flags=0x10000004
SIGINT: [libjvm.so+0x812a10], sa_mask[0]=0x7ffbfeff, sa_flags=0x10000004
SIGTERM: [libjvm.so+0x812a10], sa_mask[0]=0x7ffbfeff, sa_flags=0x10000004
SIGQUIT: [libjvm.so+0x812a10], sa_mask[0]=0x7ffbfeff, sa_flags=0x10000004


---------------  S Y S T E M  ---------------

OS:7.5

uname:Linux 3.2.0-4-amd64 #1 SMP Debian 3.2.57-3+deb7u2 x86_64
libc:glibc 2.13 NPTL 2.13 
rlimit: STACK 8192k, CORE 0k, NPROC 63913, NOFILE 4096, AS infinity
load average:1,77 0,62 0,36

/proc/meminfo:
MemTotal:        8193516 kB
MemFree:          136568 kB
Buffers:             524 kB
Cached:            63300 kB
SwapCached:            0 kB
Active:          7773852 kB
Inactive:          60648 kB
Active(anon):    7771820 kB
Inactive(anon):    43040 kB
Active(file):       2032 kB
Inactive(file):    17608 kB
Unevictable:          40 kB
Mlocked:              40 kB
SwapTotal:             0 kB
SwapFree:              0 kB
Dirty:                24 kB
Writeback:            16 kB
AnonPages:       7771212 kB
Mapped:            46948 kB
Shmem:             43620 kB
Slab:              90232 kB
SReclaimable:      50156 kB
SUnreclaim:        40076 kB
KernelStack:        8552 kB
PageTables:        75220 kB
NFS_Unstable:          0 kB
Bounce:                0 kB
WritebackTmp:          0 kB
CommitLimit:     4096756 kB
Committed_AS:   12926208 kB
VmallocTotal:   34359738367 kB
VmallocUsed:      165832 kB
VmallocChunk:   34359568380 kB
HardwareCorrupted:     0 kB
AnonHugePages:         0 kB
HugePages_Total:       0
HugePages_Free:        0
HugePages_Rsvd:        0
HugePages_Surp:        0
Hugepagesize:       2048 kB
DirectMap4k:       47104 kB
DirectMap2M:     2050048 kB
DirectMap1G:     6291456 kB


CPU:total 4 (1 cores per cpu, 1 threads per core) family 6 model 70 stepping 1, cmov, cx8, fxsr, mmx, sse, sse2, sse3, ssse3, sse4.1, sse4.2, popcnt, avx, aes, erms, tsc, tscinvbit

/proc/cpuinfo:
processor	: 0
vendor_id	: GenuineIntel
cpu family	: 6
model		: 70
model name	: Intel(R) Core(TM) i7-4850HQ CPU @ 2.30GHz
stepping	: 1
microcode	: 0xf
cpu MHz		: 2295.041
cache size	: 6144 KB
fpu		: yes
fpu_exception	: yes
cpuid level	: 13
wp		: yes
flags		: fpu vme de pse tsc msr pae mce cx8 apic sep mtrr pge mca cmov pat pse36 clflush dts mmx fxsr sse sse2 ss syscall nx pdpe1gb rdtscp lm constant_tsc arch_perfmon pebs bts nopl xtopology tsc_reliable nonstop_tsc aperfmperf pni pclmulqdq ssse3 fma cx16 pcid sse4_1 sse4_2 x2apic movbe popcnt aes xsave avx f16c rdrand hypervisor lahf_lm ida arat epb xsaveopt pln pts dtherm fsgsbase smep
bogomips	: 4590.08
clflush size	: 64
cache_alignment	: 64
address sizes	: 40 bits physical, 48 bits virtual
power management:

processor	: 1
vendor_id	: GenuineIntel
cpu family	: 6
model		: 70
model name	: Intel(R) Core(TM) i7-4850HQ CPU @ 2.30GHz
stepping	: 1
microcode	: 0xf
cpu MHz		: 2295.041
cache size	: 6144 KB
fpu		: yes
fpu_exception	: yes
cpuid level	: 13
wp		: yes
flags		: fpu vme de pse tsc msr pae mce cx8 apic sep mtrr pge mca cmov pat pse36 clflush dts mmx fxsr sse sse2 ss syscall nx pdpe1gb rdtscp lm constant_tsc arch_perfmon pebs bts nopl xtopology tsc_reliable nonstop_tsc aperfmperf pni pclmulqdq ssse3 fma cx16 pcid sse4_1 sse4_2 x2apic movbe popcnt aes xsave avx f16c rdrand hypervisor lahf_lm ida arat epb xsaveopt pln pts dtherm fsgsbase smep
bogomips	: 4590.08
clflush size	: 64
cache_alignment	: 64
address sizes	: 40 bits physical, 48 bits virtual
power management:

processor	: 2
vendor_id	: GenuineIntel
cpu family	: 6
model		: 70
model name	: Intel(R) Core(TM) i7-4850HQ CPU @ 2.30GHz
stepping	: 1
microcode	: 0xf
cpu MHz		: 2295.041
cache size	: 6144 KB
fpu		: yes
fpu_exception	: yes
cpuid level	: 13
wp		: yes
flags		: fpu vme de pse tsc msr pae mce cx8 apic sep mtrr pge mca cmov pat pse36 clflush dts mmx fxsr sse sse2 ss syscall nx pdpe1gb rdtscp lm constant_tsc arch_perfmon pebs bts nopl xtopology tsc_reliable nonstop_tsc aperfmperf pni pclmulqdq ssse3 fma cx16 pcid sse4_1 sse4_2 x2apic movbe popcnt aes xsave avx f16c rdrand hypervisor lahf_lm ida arat epb xsaveopt pln pts dtherm fsgsbase smep
bogomips	: 4590.08
clflush size	: 64
cache_alignment	: 64
address sizes	: 40 bits physical, 48 bits virtual
power management:

processor	: 3
vendor_id	: GenuineIntel
cpu family	: 6
model		: 70
model name	: Intel(R) Core(TM) i7-4850HQ CPU @ 2.30GHz
stepping	: 1
microcode	: 0xf
cpu MHz		: 2295.041
cache size	: 6144 KB
fpu		: yes
fpu_exception	: yes
cpuid level	: 13
wp		: yes
flags		: fpu vme de pse tsc msr pae mce cx8 apic sep mtrr pge mca cmov pat pse36 clflush dts mmx fxsr sse sse2 ss syscall nx pdpe1gb rdtscp lm constant_tsc arch_perfmon pebs bts nopl xtopology tsc_reliable nonstop_tsc aperfmperf pni pclmulqdq ssse3 fma cx16 pcid sse4_1 sse4_2 x2apic movbe popcnt aes xsave avx f16c rdrand hypervisor lahf_lm ida arat epb xsaveopt pln pts dtherm fsgsbase smep
bogomips	: 4590.08
clflush size	: 64
cache_alignment	: 64
address sizes	: 40 bits physical, 48 bits virtual
power management:



Memory: 4k page, physical 8193516k(136568k free), swap 0k(0k free)

vm_info: Java HotSpot(TM) 64-Bit Server VM (24.51-b03) for linux-amd64 JRE (1.7.0_51-b13), built on Dec 18 2013 18:48:01 by "java_re" with gcc 4.3.0 20080428 (Red Hat 4.3.0-8)

time: Wed Jul  2 19:23:37 2014
elapsed time: 3 seconds

